TN:
SF:src/app/community/[id]/page.tsx
FN:90,ApprovalForm
FN:92,(anonymous_1)
FN:96,(anonymous_2)
FN:99,(anonymous_3)
FN:124,(anonymous_4)
FN:129,(anonymous_5)
FN:154,CommunityDetailContent
FN:193,(anonymous_7)
FN:195,(anonymous_8)
FN:202,(anonymous_9)
FN:230,(anonymous_10)
FN:247,(anonymous_11)
FN:257,(anonymous_12)
FN:263,(anonymous_13)
FN:292,(anonymous_14)
FN:324,(anonymous_15)
FN:346,(anonymous_16)
FN:402,(anonymous_17)
FN:413,(anonymous_18)
FN:423,(anonymous_19)
FN:423,(anonymous_20)
FN:432,(anonymous_21)
FN:432,(anonymous_22)
FN:441,(anonymous_23)
FN:451,(anonymous_24)
FN:476,(anonymous_25)
FN:487,(anonymous_26)
FN:495,(anonymous_27)
FN:495,(anonymous_28)
FN:502,(anonymous_29)
FN:502,(anonymous_30)
FN:509,(anonymous_31)
FN:509,(anonymous_32)
FN:530,(anonymous_33)
FN:539,(anonymous_34)
FN:562,(anonymous_35)
FN:662,(anonymous_36)
FN:666,(anonymous_37)
FN:680,(anonymous_38)
FN:682,(anonymous_39)
FN:705,(anonymous_40)
FN:737,(anonymous_41)
FN:747,(anonymous_42)
FN:773,(anonymous_43)
FN:806,(anonymous_44)
FN:844,(anonymous_45)
FN:867,(anonymous_46)
FN:889,CommunityDetailPage
FNF:48
FNH:10
FNDA:0,ApprovalForm
FNDA:0,(anonymous_1)
FNDA:0,(anonymous_2)
FNDA:0,(anonymous_3)
FNDA:0,(anonymous_4)
FNDA:0,(anonymous_5)
FNDA:34,CommunityDetailContent
FNDA:17,(anonymous_7)
FNDA:17,(anonymous_8)
FNDA:1,(anonymous_9)
FNDA:3,(anonymous_10)
FNDA:17,(anonymous_11)
FNDA:0,(anonymous_12)
FNDA:0,(anonymous_13)
FNDA:0,(anonymous_14)
FNDA:0,(anonymous_15)
FNDA:0,(anonymous_16)
FNDA:0,(anonymous_17)
FNDA:0,(anonymous_18)
FNDA:0,(anonymous_19)
FNDA:0,(anonymous_20)
FNDA:0,(anonymous_21)
FNDA:0,(anonymous_22)
FNDA:0,(anonymous_23)
FNDA:0,(anonymous_24)
FNDA:0,(anonymous_25)
FNDA:0,(anonymous_26)
FNDA:0,(anonymous_27)
FNDA:0,(anonymous_28)
FNDA:0,(anonymous_29)
FNDA:0,(anonymous_30)
FNDA:0,(anonymous_31)
FNDA:0,(anonymous_32)
FNDA:15,(anonymous_33)
FNDA:0,(anonymous_34)
FNDA:0,(anonymous_35)
FNDA:0,(anonymous_36)
FNDA:0,(anonymous_37)
FNDA:0,(anonymous_38)
FNDA:0,(anonymous_39)
FNDA:0,(anonymous_40)
FNDA:0,(anonymous_41)
FNDA:0,(anonymous_42)
FNDA:0,(anonymous_43)
FNDA:0,(anonymous_44)
FNDA:3,(anonymous_45)
FNDA:1,(anonymous_46)
FNDA:17,CommunityDetailPage
DA:91,0
DA:92,0
DA:93,0
DA:94,0
DA:96,0
DA:97,0
DA:98,0
DA:99,0
DA:100,0
DA:104,0
DA:106,0
DA:109,0
DA:110,0
DA:118,0
DA:125,0
DA:130,0
DA:131,0
DA:132,0
DA:155,34
DA:156,34
DA:157,34
DA:158,34
DA:159,34
DA:162,34
DA:163,34
DA:164,34
DA:165,34
DA:166,34
DA:167,34
DA:168,34
DA:169,34
DA:172,34
DA:173,34
DA:176,34
DA:179,34
DA:182,34
DA:183,34
DA:184,34
DA:187,34
DA:188,34
DA:189,34
DA:193,34
DA:194,17
DA:195,17
DA:198,17
DA:199,17
DA:202,1
DA:203,1
DA:204,1
DA:206,1
DA:207,1
DA:209,1
DA:212,16
DA:213,16
DA:216,16
DA:219,16
DA:220,16
DA:224,16
DA:225,16
DA:226,16
DA:229,16
DA:230,3
DA:231,16
DA:232,16
DA:236,0
DA:237,0
DA:238,0
DA:241,16
DA:242,16
DA:243,16
DA:247,17
DA:248,17
DA:257,34
DA:258,0
DA:259,0
DA:260,0
DA:263,34
DA:264,0
DA:265,0
DA:266,0
DA:267,0
DA:268,0
DA:275,0
DA:276,0
DA:277,0
DA:278,0
DA:281,0
DA:282,0
DA:283,0
DA:288,0
DA:292,34
DA:293,0
DA:294,0
DA:295,0
DA:299,0
DA:301,0
DA:307,34
DA:308,17
DA:315,17
DA:316,1
DA:324,0
DA:333,16
DA:346,0
DA:402,0
DA:413,0
DA:423,0
DA:432,0
DA:441,0
DA:451,0
DA:476,0
DA:487,0
DA:495,0
DA:502,0
DA:509,0
DA:532,15
DA:533,0
DA:540,0
DA:541,0
DA:542,0
DA:543,0
DA:554,15
DA:555,1
DA:563,0
DA:564,0
DA:565,0
DA:566,0
DA:578,14
DA:663,0
DA:664,0
DA:665,0
DA:666,0
DA:667,0
DA:668,0
DA:669,0
DA:670,0
DA:671,0
DA:672,0
DA:673,0
DA:678,0
DA:679,0
DA:680,0
DA:682,0
DA:683,0
DA:686,0
DA:688,0
DA:691,0
DA:706,0
DA:707,0
DA:737,0
DA:747,0
DA:774,0
DA:807,0
DA:845,3
DA:868,1
DA:890,17
LF:155
LH:66
BRDA:99,0,0,0
BRDA:99,0,1,0
BRDA:109,1,0,0
BRDA:109,1,1,0
BRDA:128,2,0,0
BRDA:128,2,1,0
BRDA:144,3,0,0
BRDA:144,3,1,0
BRDA:206,4,0,1
BRDA:206,4,1,0
BRDA:212,5,0,0
BRDA:212,5,1,16
BRDA:216,6,0,16
BRDA:216,6,1,16
BRDA:224,7,0,0
BRDA:224,7,1,16
BRDA:229,8,0,16
BRDA:229,8,1,16
BRDA:229,8,2,16
BRDA:236,9,0,0
BRDA:236,9,1,0
BRDA:236,10,0,0
BRDA:236,10,1,0
BRDA:241,11,0,16
BRDA:241,11,1,0
BRDA:264,12,0,0
BRDA:264,12,1,0
BRDA:272,13,0,0
BRDA:272,13,1,0
BRDA:275,14,0,0
BRDA:275,14,1,0
BRDA:282,15,0,0
BRDA:282,15,1,0
BRDA:307,16,0,17
BRDA:307,16,1,17
BRDA:315,17,0,1
BRDA:315,17,1,16
BRDA:351,18,0,1
BRDA:351,18,1,15
BRDA:367,19,0,16
BRDA:367,19,1,1
BRDA:373,20,0,0
BRDA:373,20,1,16
BRDA:375,21,0,1
BRDA:375,21,1,15
BRDA:380,22,0,15
BRDA:380,22,1,1
BRDA:388,23,0,16
BRDA:388,23,1,1
BRDA:397,24,0,16
BRDA:397,24,1,0
BRDA:397,24,2,0
BRDA:408,25,0,16
BRDA:408,25,1,0
BRDA:408,25,2,0
BRDA:408,25,3,0
BRDA:422,26,0,16
BRDA:422,26,1,0
BRDA:446,27,0,16
BRDA:446,27,1,1
BRDA:463,28,0,16
BRDA:463,28,1,1
BRDA:473,29,0,16
BRDA:473,29,1,1
BRDA:478,30,0,1
BRDA:478,30,1,0
BRDA:483,31,0,16
BRDA:483,31,1,0
BRDA:515,32,0,0
BRDA:515,32,1,0
BRDA:518,33,0,0
BRDA:518,33,1,0
BRDA:524,34,0,0
BRDA:524,34,1,16
BRDA:528,35,0,15
BRDA:528,35,1,1
BRDA:532,36,0,0
BRDA:532,36,1,15
BRDA:554,37,0,1
BRDA:554,37,1,14
BRDA:581,38,0,14
BRDA:581,38,1,9
BRDA:592,39,0,1
BRDA:592,39,1,13
BRDA:602,40,0,14
BRDA:602,40,1,1
BRDA:606,41,0,14
BRDA:606,41,1,12
BRDA:611,42,0,14
BRDA:611,42,1,12
BRDA:619,43,0,0
BRDA:619,43,1,14
BRDA:621,44,0,14
BRDA:621,44,1,0
BRDA:630,45,0,0
BRDA:630,45,1,14
BRDA:631,46,0,0
BRDA:631,46,1,0
BRDA:639,47,0,0
BRDA:639,47,1,14
BRDA:646,48,0,1
BRDA:646,48,1,0
BRDA:651,49,0,0
BRDA:651,49,1,1
BRDA:657,50,0,1
BRDA:657,50,1,0
BRDA:668,51,0,0
BRDA:668,51,1,0
BRDA:678,52,0,0
BRDA:678,52,1,0
BRDA:680,53,0,0
BRDA:680,53,1,0
BRDA:680,54,0,0
BRDA:680,54,1,0
BRDA:683,55,0,0
BRDA:683,55,1,0
BRDA:686,56,0,0
BRDA:686,56,1,0
BRDA:694,57,0,0
BRDA:694,57,1,0
BRDA:700,58,0,1
BRDA:700,58,1,0
BRDA:753,59,0,16
BRDA:753,59,1,0
BRDA:755,60,0,0
BRDA:755,60,1,16
BRDA:765,61,0,16
BRDA:765,61,1,0
BRDA:775,62,0,0
BRDA:775,62,1,0
BRDA:789,63,0,0
BRDA:789,63,1,0
BRDA:800,64,0,0
BRDA:800,64,1,0
BRDA:808,65,0,0
BRDA:808,65,1,0
BRDA:846,66,0,0
BRDA:846,66,1,3
BRDA:854,67,0,3
BRDA:854,67,1,0
BRDA:861,68,0,16
BRDA:861,68,1,1
BRDA:869,69,0,0
BRDA:869,69,1,1
BRF:144
BRH:67
end_of_record
TN:
SF:src/app/creator/page.tsx
FN:117,statusBadge
FN:133,OverviewTab
FN:142,(anonymous_2)
FN:153,(anonymous_3)
FN:164,(anonymous_4)
FN:175,(anonymous_5)
FN:232,(anonymous_6)
FN:258,StickersTab
FN:263,(anonymous_8)
FN:266,(anonymous_9)
FN:267,(anonymous_10)
FN:268,(anonymous_11)
FN:277,(anonymous_12)
FN:288,(anonymous_13)
FN:340,CreateThemeDialog
FN:365,(anonymous_15)
FN:409,(anonymous_16)
FN:425,(anonymous_17)
FN:436,(anonymous_18)
FN:456,(anonymous_19)
FN:483,ThemesTab
FN:491,(anonymous_21)
FN:494,(anonymous_22)
FN:495,(anonymous_23)
FN:496,(anonymous_24)
FN:499,(anonymous_25)
FN:503,(anonymous_26)
FN:513,(anonymous_27)
FN:532,(anonymous_28)
FN:548,(anonymous_29)
FN:580,(anonymous_30)
FN:587,(anonymous_31)
FN:590,(anonymous_32)
FN:601,(anonymous_33)
FN:623,(anonymous_34)
FN:629,(anonymous_35)
FN:641,(anonymous_36)
FN:642,(anonymous_37)
FN:664,CreateCommunityDialog
FN:683,(anonymous_39)
FN:729,(anonymous_40)
FN:739,(anonymous_41)
FN:764,CommunityTab
FN:769,(anonymous_43)
FN:772,(anonymous_44)
FN:773,(anonymous_45)
FN:774,(anonymous_46)
FN:777,(anonymous_47)
FN:788,(anonymous_48)
FN:792,(anonymous_49)
FN:809,(anonymous_50)
FN:841,(anonymous_51)
FN:842,(anonymous_52)
FN:867,CreateSpaceDialog
FN:885,(anonymous_54)
FN:895,(anonymous_55)
FN:923,(anonymous_56)
FN:933,(anonymous_57)
FN:944,(anonymous_58)
FN:947,(anonymous_59)
FN:949,(anonymous_60)
FN:960,(anonymous_61)
FN:976,(anonymous_62)
FN:1000,SpacesTab
FN:1005,(anonymous_64)
FN:1008,(anonymous_65)
FN:1009,(anonymous_66)
FN:1010,(anonymous_67)
FN:1013,(anonymous_68)
FN:1023,(anonymous_69)
FN:1039,(anonymous_70)
FN:1073,(anonymous_71)
FN:1074,(anonymous_72)
FN:1097,ApiKeysTab
FN:1105,(anonymous_74)
FN:1108,(anonymous_75)
FN:1109,(anonymous_76)
FN:1110,(anonymous_77)
FN:1113,(anonymous_78)
FN:1117,(anonymous_79)
FN:1136,(anonymous_80)
FN:1145,(anonymous_81)
FN:1148,(anonymous_82)
FN:1151,(anonymous_83)
FN:1165,(anonymous_84)
FN:1168,(anonymous_85)
FN:1194,(anonymous_86)
FN:1199,(anonymous_87)
FN:1217,(anonymous_88)
FN:1245,(anonymous_89)
FN:1262,CreatorConsoleContent
FN:1273,(anonymous_91)
FN:1291,(anonymous_92)
FN:1295,(anonymous_93)
FN:1298,(anonymous_94)
FN:1299,(anonymous_95)
FN:1306,(anonymous_96)
FN:1345,(anonymous_97)
FN:1354,(anonymous_98)
FN:1357,(anonymous_99)
FN:1394,(anonymous_100)
FN:1416,(anonymous_101)
FN:1426,(anonymous_102)
FN:1481,ExpertsTab
FN:1508,(anonymous_104)
FN:1514,(anonymous_105)
FN:1521,(anonymous_106)
FN:1523,(anonymous_107)
FN:1549,(anonymous_108)
FN:1563,(anonymous_109)
FN:1573,(anonymous_110)
FN:1588,(anonymous_111)
FN:1597,(anonymous_112)
FN:1609,(anonymous_113)
FN:1617,(anonymous_114)
FN:1627,(anonymous_115)
FN:1641,(anonymous_116)
FN:1653,(anonymous_117)
FN:1660,(anonymous_118)
FN:1665,(anonymous_119)
FN:1686,(anonymous_120)
FN:1695,(anonymous_121)
FN:1699,(anonymous_122)
FN:1728,(anonymous_123)
FN:1755,(anonymous_124)
FN:1776,(anonymous_125)
FN:1782,(anonymous_126)
FN:1796,(anonymous_127)
FN:1800,(anonymous_128)
FN:1801,(anonymous_129)
FN:1803,(anonymous_130)
FN:1808,(anonymous_131)
FN:1818,(anonymous_132)
FN:1821,(anonymous_133)
FN:1836,(anonymous_134)
FN:1847,(anonymous_135)
FN:1854,(anonymous_136)
FN:1855,(anonymous_137)
FN:1861,(anonymous_138)
FN:1862,(anonymous_139)
FN:1875,(anonymous_140)
FN:1876,(anonymous_141)
FN:1880,(anonymous_142)
FN:1884,(anonymous_143)
FN:1889,(anonymous_144)
FN:1890,(anonymous_145)
FN:1895,(anonymous_146)
FN:1901,(anonymous_147)
FN:1911,(anonymous_148)
FN:1923,(anonymous_149)
FN:1937,(anonymous_150)
FN:1947,CreatorConsolePage
FNF:152
FNH:32
FNDA:1,statusBadge
FNDA:26,OverviewTab
FNDA:0,(anonymous_2)
FNDA:0,(anonymous_3)
FNDA:0,(anonymous_4)
FNDA:0,(anonymous_5)
FNDA:1,(anonymous_6)
FNDA:3,StickersTab
FNDA:2,(anonymous_8)
FNDA:2,(anonymous_9)
FNDA:0,(anonymous_10)
FNDA:2,(anonymous_11)
FNDA:0,(anonymous_12)
FNDA:1,(anonymous_13)
FNDA:0,CreateThemeDialog
FNDA:0,(anonymous_15)
FNDA:0,(anonymous_16)
FNDA:0,(anonymous_17)
FNDA:0,(anonymous_18)
FNDA:0,(anonymous_19)
FNDA:2,ThemesTab
FNDA:1,(anonymous_21)
FNDA:1,(anonymous_22)
FNDA:0,(anonymous_23)
FNDA:1,(anonymous_24)
FNDA:1,(anonymous_25)
FNDA:0,(anonymous_26)
FNDA:0,(anonymous_27)
FNDA:0,(anonymous_28)
FNDA:0,(anonymous_29)
FNDA:0,(anonymous_30)
FNDA:0,(anonymous_31)
FNDA:0,(anonymous_32)
FNDA:0,(anonymous_33)
FNDA:0,(anonymous_34)
FNDA:0,(anonymous_35)
FNDA:0,(anonymous_36)
FNDA:0,(anonymous_37)
FNDA:0,CreateCommunityDialog
FNDA:0,(anonymous_39)
FNDA:0,(anonymous_40)
FNDA:0,(anonymous_41)
FNDA:2,CommunityTab
FNDA:1,(anonymous_43)
FNDA:1,(anonymous_44)
FNDA:0,(anonymous_45)
FNDA:1,(anonymous_46)
FNDA:1,(anonymous_47)
FNDA:0,(anonymous_48)
FNDA:0,(anonymous_49)
FNDA:0,(anonymous_50)
FNDA:0,(anonymous_51)
FNDA:0,(anonymous_52)
FNDA:0,CreateSpaceDialog
FNDA:0,(anonymous_54)
FNDA:0,(anonymous_55)
FNDA:0,(anonymous_56)
FNDA:0,(anonymous_57)
FNDA:0,(anonymous_58)
FNDA:0,(anonymous_59)
FNDA:0,(anonymous_60)
FNDA:0,(anonymous_61)
FNDA:0,(anonymous_62)
FNDA:2,SpacesTab
FNDA:1,(anonymous_64)
FNDA:1,(anonymous_65)
FNDA:0,(anonymous_66)
FNDA:1,(anonymous_67)
FNDA:1,(anonymous_68)
FNDA:0,(anonymous_69)
FNDA:0,(anonymous_70)
FNDA:0,(anonymous_71)
FNDA:0,(anonymous_72)
FNDA:0,ApiKeysTab
FNDA:0,(anonymous_74)
FNDA:0,(anonymous_75)
FNDA:0,(anonymous_76)
FNDA:0,(anonymous_77)
FNDA:0,(anonymous_78)
FNDA:0,(anonymous_79)
FNDA:0,(anonymous_80)
FNDA:0,(anonymous_81)
FNDA:0,(anonymous_82)
FNDA:0,(anonymous_83)
FNDA:0,(anonymous_84)
FNDA:0,(anonymous_85)
FNDA:0,(anonymous_86)
FNDA:0,(anonymous_87)
FNDA:0,(anonymous_88)
FNDA:0,(anonymous_89)
FNDA:33,CreatorConsoleContent
FNDA:13,(anonymous_91)
FNDA:13,(anonymous_92)
FNDA:0,(anonymous_93)
FNDA:0,(anonymous_94)
FNDA:0,(anonymous_95)
FNDA:0,(anonymous_96)
FNDA:0,(anonymous_97)
FNDA:231,(anonymous_98)
FNDA:7,(anonymous_99)
FNDA:0,(anonymous_100)
FNDA:0,(anonymous_101)
FNDA:0,(anonymous_102)
FNDA:3,ExpertsTab
FNDA:2,(anonymous_104)
FNDA:0,(anonymous_105)
FNDA:2,(anonymous_106)
FNDA:0,(anonymous_107)
FNDA:0,(anonymous_108)
FNDA:0,(anonymous_109)
FNDA:0,(anonymous_110)
FNDA:0,(anonymous_111)
FNDA:0,(anonymous_112)
FNDA:0,(anonymous_113)
FNDA:0,(anonymous_114)
FNDA:0,(anonymous_115)
FNDA:0,(anonymous_116)
FNDA:0,(anonymous_117)
FNDA:0,(anonymous_118)
FNDA:0,(anonymous_119)
FNDA:0,(anonymous_120)
FNDA:0,(anonymous_121)
FNDA:0,(anonymous_122)
FNDA:0,(anonymous_123)
FNDA:0,(anonymous_124)
FNDA:0,(anonymous_125)
FNDA:0,(anonymous_126)
FNDA:0,(anonymous_127)
FNDA:0,(anonymous_128)
FNDA:0,(anonymous_129)
FNDA:0,(anonymous_130)
FNDA:0,(anonymous_131)
FNDA:0,(anonymous_132)
FNDA:0,(anonymous_133)
FNDA:0,(anonymous_134)
FNDA:0,(anonymous_135)
FNDA:0,(anonymous_136)
FNDA:0,(anonymous_137)
FNDA:0,(anonymous_138)
FNDA:0,(anonymous_139)
FNDA:0,(anonymous_140)
FNDA:0,(anonymous_141)
FNDA:0,(anonymous_142)
FNDA:0,(anonymous_143)
FNDA:0,(anonymous_144)
FNDA:0,(anonymous_145)
FNDA:0,(anonymous_146)
FNDA:0,(anonymous_147)
FNDA:0,(anonymous_148)
FNDA:0,(anonymous_149)
FNDA:0,(anonymous_150)
FNDA:13,CreatorConsolePage
DA:103,1
DA:118,1
DA:126,1
DA:134,26
DA:136,26
DA:142,0
DA:153,0
DA:164,0
DA:175,0
DA:233,1
DA:259,3
DA:260,3
DA:261,3
DA:263,3
DA:264,2
DA:265,2
DA:266,2
DA:268,2
DA:271,3
DA:277,0
DA:289,1
DA:349,0
DA:350,0
DA:351,0
DA:352,0
DA:353,0
DA:354,0
DA:356,0
DA:357,0
DA:359,0
DA:365,0
DA:366,0
DA:367,0
DA:368,0
DA:369,0
DA:370,0
DA:376,0
DA:377,0
DA:378,0
DA:380,0
DA:385,0
DA:387,0
DA:389,0
DA:393,0
DA:409,0
DA:425,0
DA:436,0
DA:456,0
DA:484,2
DA:485,2
DA:486,2
DA:487,2
DA:488,2
DA:489,2
DA:491,2
DA:492,1
DA:493,1
DA:494,1
DA:496,1
DA:499,2
DA:500,1
DA:503,2
DA:504,0
DA:505,0
DA:506,0
DA:507,0
DA:508,0
DA:510,0
DA:513,2
DA:514,0
DA:515,0
DA:516,0
DA:520,0
DA:522,0
DA:523,0
DA:526,2
DA:532,0
DA:549,0
DA:580,0
DA:587,0
DA:590,0
DA:601,0
DA:623,0
DA:629,0
DA:641,0
DA:643,0
DA:644,0
DA:675,0
DA:676,0
DA:677,0
DA:679,0
DA:680,0
DA:681,0
DA:683,0
DA:684,0
DA:685,0
DA:686,0
DA:687,0
DA:688,0
DA:696,0
DA:705,0
DA:709,0
DA:713,0
DA:729,0
DA:739,0
DA:765,2
DA:766,2
DA:767,2
DA:769,2
DA:770,1
DA:771,1
DA:772,1
DA:774,1
DA:777,2
DA:778,1
DA:781,2
DA:788,0
DA:792,0
DA:810,0
DA:841,0
DA:843,0
DA:844,0
DA:865,1
DA:874,0
DA:875,0
DA:876,0
DA:877,0
DA:878,0
DA:879,0
DA:880,0
DA:882,0
DA:883,0
DA:885,0
DA:886,0
DA:887,0
DA:888,0
DA:889,0
DA:895,0
DA:899,0
DA:903,0
DA:907,0
DA:923,0
DA:933,0
DA:944,0
DA:948,0
DA:949,0
DA:960,0
DA:976,0
DA:1001,2
DA:1002,2
DA:1003,2
DA:1005,2
DA:1006,1
DA:1007,1
DA:1008,1
DA:1010,1
DA:1013,2
DA:1014,1
DA:1017,2
DA:1023,0
DA:1040,0
DA:1073,0
DA:1075,0
DA:1076,0
DA:1098,0
DA:1099,0
DA:1100,0
DA:1101,0
DA:1102,0
DA:1103,0
DA:1105,0
DA:1106,0
DA:1107,0
DA:1108,0
DA:1110,0
DA:1113,0
DA:1114,0
DA:1117,0
DA:1118,0
DA:1119,0
DA:1120,0
DA:1121,0
DA:1122,0
DA:1126,0
DA:1127,0
DA:1128,0
DA:1132,0
DA:1136,0
DA:1137,0
DA:1138,0
DA:1139,0
DA:1145,0
DA:1146,0
DA:1147,0
DA:1148,0
DA:1151,0
DA:1153,0
DA:1165,0
DA:1168,0
DA:1194,0
DA:1199,0
DA:1218,0
DA:1245,0
DA:1263,33
DA:1264,33
DA:1265,33
DA:1266,33
DA:1267,33
DA:1268,33
DA:1269,33
DA:1270,33
DA:1271,33
DA:1273,33
DA:1274,13
DA:1275,13
DA:1276,13
DA:1281,13
DA:1282,13
DA:1283,13
DA:1287,13
DA:1291,33
DA:1292,13
DA:1295,33
DA:1296,0
DA:1297,0
DA:1298,0
DA:1299,0
DA:1306,33
DA:1307,0
DA:1308,0
DA:1309,0
DA:1310,0
DA:1311,0
DA:1315,0
DA:1316,0
DA:1317,0
DA:1321,0
DA:1325,33
DA:1345,0
DA:1355,231
DA:1357,7
DA:1394,0
DA:1416,0
DA:1426,0
DA:1482,3
DA:1483,3
DA:1484,3
DA:1485,3
DA:1486,3
DA:1487,3
DA:1488,3
DA:1489,3
DA:1490,3
DA:1491,3
DA:1492,3
DA:1493,3
DA:1494,3
DA:1495,3
DA:1496,3
DA:1497,3
DA:1498,3
DA:1499,3
DA:1500,3
DA:1501,3
DA:1502,3
DA:1503,3
DA:1504,3
DA:1505,3
DA:1506,3
DA:1508,3
DA:1509,2
DA:1510,2
DA:1512,2
DA:1514,2
DA:1516,2
DA:1518,2
DA:1521,3
DA:1523,3
DA:1524,0
DA:1525,0
DA:1526,0
DA:1527,0
DA:1538,0
DA:1539,0
DA:1540,0
DA:1541,0
DA:1542,0
DA:1543,0
DA:1544,0
DA:1546,0
DA:1549,3
DA:1550,0
DA:1551,0
DA:1552,0
DA:1553,0
DA:1556,0
DA:1558,0
DA:1560,0
DA:1563,3
DA:1564,0
DA:1565,0
DA:1566,0
DA:1567,0
DA:1568,0
DA:1569,0
DA:1570,0
DA:1573,3
DA:1574,0
DA:1575,0
DA:1576,0
DA:1577,0
DA:1581,0
DA:1582,0
DA:1583,0
DA:1585,0
DA:1588,3
DA:1589,0
DA:1590,0
DA:1591,0
DA:1592,0
DA:1594,0
DA:1597,3
DA:1598,0
DA:1599,0
DA:1600,0
DA:1602,0
DA:1603,0
DA:1604,0
DA:1609,3
DA:1610,0
DA:1611,0
DA:1612,0
DA:1613,0
DA:1617,3
DA:1618,0
DA:1619,0
DA:1620,0
DA:1621,0
DA:1622,0
DA:1623,0
DA:1624,0
DA:1627,3
DA:1628,0
DA:1629,0
DA:1630,0
DA:1631,0
DA:1635,0
DA:1636,0
DA:1638,0
DA:1641,3
DA:1642,0
DA:1643,0
DA:1644,0
DA:1645,0
DA:1646,0
DA:1648,0
DA:1651,3
DA:1653,1
DA:1655,1
DA:1656,0
DA:1660,0
DA:1665,0
DA:1686,0
DA:1696,0
DA:1697,0
DA:1698,0
DA:1699,0
DA:1700,0
DA:1701,0
DA:1702,0
DA:1703,0
DA:1704,0
DA:1705,0
DA:1706,0
DA:1711,0
DA:1713,0
DA:1715,0
DA:1729,0
DA:1755,0
DA:1776,0
DA:1782,0
DA:1797,0
DA:1800,0
DA:1801,0
DA:1804,0
DA:1805,0
DA:1806,0
DA:1808,0
DA:1818,0
DA:1821,0
DA:1836,0
DA:1843,1
DA:1847,0
DA:1855,0
DA:1861,0
DA:1862,0
DA:1875,0
DA:1876,0
DA:1880,0
DA:1884,0
DA:1889,0
DA:1890,0
DA:1895,0
DA:1901,0
DA:1911,0
DA:1937,0
DA:1948,13
LF:407
LH:127
BRDA:126,0,0,1
BRDA:126,0,1,0
BRDA:149,1,0,26
BRDA:149,1,1,13
BRDA:160,2,0,26
BRDA:160,2,1,13
BRDA:171,3,0,26
BRDA:171,3,1,13
BRDA:182,4,0,26
BRDA:182,4,1,13
BRDA:184,5,0,26
BRDA:184,5,1,13
BRDA:197,6,0,26
BRDA:197,6,1,13
BRDA:202,7,0,26
BRDA:202,7,1,13
BRDA:207,8,0,26
BRDA:207,8,1,13
BRDA:212,9,0,26
BRDA:212,9,1,13
BRDA:217,10,0,26
BRDA:217,10,1,13
BRDA:227,11,0,25
BRDA:227,11,1,1
BRDA:228,12,0,26
BRDA:228,12,1,13
BRDA:239,13,0,1
BRDA:239,13,1,0
BRDA:282,14,0,2
BRDA:282,14,1,1
BRDA:310,15,0,0
BRDA:310,15,1,1
BRDA:359,16,0,0
BRDA:359,16,1,0
BRDA:359,16,2,0
BRDA:359,16,3,0
BRDA:359,16,4,0
BRDA:366,17,0,0
BRDA:366,17,1,0
BRDA:366,18,0,0
BRDA:366,18,1,0
BRDA:412,19,0,0
BRDA:412,19,1,0
BRDA:412,20,0,0
BRDA:412,20,1,0
BRDA:415,21,0,0
BRDA:415,21,1,0
BRDA:415,21,2,0
BRDA:439,22,0,0
BRDA:439,22,1,0
BRDA:439,23,0,0
BRDA:439,23,1,0
BRDA:442,24,0,0
BRDA:442,24,1,0
BRDA:442,24,2,0
BRDA:451,25,0,0
BRDA:451,25,1,0
BRDA:456,26,0,0
BRDA:456,26,1,0
BRDA:462,27,0,0
BRDA:462,27,1,0
BRDA:472,28,0,0
BRDA:472,28,1,0
BRDA:475,29,0,0
BRDA:475,29,1,0
BRDA:518,30,0,0
BRDA:518,30,1,0
BRDA:537,31,0,1
BRDA:537,31,1,1
BRDA:541,32,0,1
BRDA:541,32,1,0
BRDA:562,33,0,0
BRDA:562,33,1,0
BRDA:574,34,0,0
BRDA:574,34,1,0
BRDA:575,35,0,0
BRDA:575,35,1,0
BRDA:580,36,0,0
BRDA:580,36,1,0
BRDA:585,37,0,0
BRDA:585,37,1,0
BRDA:594,38,0,0
BRDA:594,38,1,0
BRDA:615,39,0,2
BRDA:615,39,1,0
BRDA:631,40,0,0
BRDA:631,40,1,0
BRDA:638,41,0,2
BRDA:638,41,1,0
BRDA:681,42,0,0
BRDA:681,42,1,0
BRDA:684,43,0,0
BRDA:684,43,1,0
BRDA:687,44,0,0
BRDA:687,44,1,0
BRDA:692,45,0,0
BRDA:692,45,1,0
BRDA:700,46,0,0
BRDA:700,46,1,0
BRDA:730,47,0,0
BRDA:730,47,1,0
BRDA:753,48,0,0
BRDA:753,48,1,0
BRDA:756,49,0,0
BRDA:756,49,1,0
BRDA:798,50,0,1
BRDA:798,50,1,1
BRDA:802,51,0,1
BRDA:802,51,1,0
BRDA:837,52,0,2
BRDA:837,52,1,0
BRDA:882,53,0,0
BRDA:882,53,1,0
BRDA:883,54,0,0
BRDA:883,54,1,0
BRDA:886,55,0,0
BRDA:886,55,1,0
BRDA:893,56,0,0
BRDA:893,56,1,0
BRDA:895,57,0,0
BRDA:895,57,1,0
BRDA:896,58,0,0
BRDA:896,58,1,0
BRDA:963,59,0,0
BRDA:963,59,1,0
BRDA:963,60,0,0
BRDA:963,60,1,0
BRDA:966,61,0,0
BRDA:966,61,1,0
BRDA:966,61,2,0
BRDA:989,62,0,0
BRDA:989,62,1,0
BRDA:992,63,0,0
BRDA:992,63,1,0
BRDA:1028,64,0,1
BRDA:1028,64,1,1
BRDA:1032,65,0,1
BRDA:1032,65,1,0
BRDA:1045,66,0,0
BRDA:1045,66,1,0
BRDA:1071,67,0,2
BRDA:1071,67,1,0
BRDA:1119,68,0,0
BRDA:1119,68,1,0
BRDA:1168,69,0,0
BRDA:1168,69,1,0
BRDA:1174,70,0,0
BRDA:1174,70,1,0
BRDA:1177,71,0,0
BRDA:1177,71,1,0
BRDA:1183,72,0,0
BRDA:1183,72,1,0
BRDA:1196,73,0,0
BRDA:1196,73,1,0
BRDA:1206,74,0,0
BRDA:1206,74,1,0
BRDA:1210,75,0,0
BRDA:1210,75,1,0
BRDA:1210,76,0,0
BRDA:1210,76,1,0
BRDA:1233,77,0,0
BRDA:1233,77,1,0
BRDA:1299,78,0,0
BRDA:1299,78,1,0
BRDA:1308,79,0,0
BRDA:1308,79,1,0
BRDA:1308,80,0,0
BRDA:1308,80,1,0
BRDA:1359,81,0,33
BRDA:1359,81,1,198
BRDA:1374,82,0,33
BRDA:1374,82,1,26
BRDA:1375,83,0,33
BRDA:1375,83,1,2
BRDA:1376,84,0,33
BRDA:1376,84,1,1
BRDA:1377,85,0,33
BRDA:1377,85,1,1
BRDA:1378,86,0,33
BRDA:1378,86,1,1
BRDA:1379,87,0,33
BRDA:1379,87,1,0
BRDA:1380,88,0,33
BRDA:1380,88,1,2
BRDA:1388,89,0,33
BRDA:1388,89,1,0
BRDA:1433,90,0,0
BRDA:1433,90,1,0
BRDA:1433,90,2,0
BRDA:1433,90,3,0
BRDA:1440,91,0,0
BRDA:1440,91,1,0
BRDA:1516,92,0,0
BRDA:1516,92,1,1
BRDA:1524,93,0,0
BRDA:1524,93,1,0
BRDA:1531,94,0,0
BRDA:1531,94,1,0
BRDA:1535,95,0,0
BRDA:1535,95,1,0
BRDA:1535,96,0,0
BRDA:1535,96,1,0
BRDA:1556,97,0,0
BRDA:1556,97,1,0
BRDA:1574,98,0,0
BRDA:1574,98,1,0
BRDA:1574,99,0,0
BRDA:1574,99,1,0
BRDA:1574,99,2,0
BRDA:1602,100,0,0
BRDA:1602,100,1,0
BRDA:1603,101,0,0
BRDA:1603,101,1,0
BRDA:1610,102,0,0
BRDA:1610,102,1,0
BRDA:1628,103,0,0
BRDA:1628,103,1,0
BRDA:1628,104,0,0
BRDA:1628,104,1,0
BRDA:1642,105,0,0
BRDA:1642,105,1,0
BRDA:1651,106,0,2
BRDA:1651,106,1,1
BRDA:1653,107,0,0
BRDA:1653,107,1,1
BRDA:1655,108,0,0
BRDA:1655,108,1,1
BRDA:1666,109,0,0
BRDA:1666,109,1,0
BRDA:1667,110,0,0
BRDA:1667,110,1,0
BRDA:1675,111,0,0
BRDA:1675,111,1,0
BRDA:1681,112,0,0
BRDA:1681,112,1,0
BRDA:1692,113,0,0
BRDA:1692,113,1,0
BRDA:1701,114,0,0
BRDA:1701,114,1,0
BRDA:1724,115,0,0
BRDA:1724,115,1,0
BRDA:1726,116,0,0
BRDA:1726,116,1,0
BRDA:1740,117,0,0
BRDA:1740,117,1,0
BRDA:1745,118,0,0
BRDA:1745,118,1,0
BRDA:1754,119,0,0
BRDA:1754,119,1,0
BRDA:1757,120,0,0
BRDA:1757,120,1,0
BRDA:1761,121,0,0
BRDA:1761,121,1,0
BRDA:1762,122,0,0
BRDA:1762,122,1,0
BRDA:1787,123,0,0
BRDA:1787,123,1,0
BRDA:1787,123,2,0
BRDA:1792,124,0,0
BRDA:1792,124,1,0
BRDA:1794,125,0,0
BRDA:1794,125,1,0
BRDA:1798,126,0,0
BRDA:1798,126,1,0
BRDA:1850,127,0,1
BRDA:1850,127,1,0
BRDA:1863,128,0,0
BRDA:1863,128,1,0
BRDA:1864,129,0,0
BRDA:1864,129,1,0
BRDA:1874,130,0,1
BRDA:1874,130,1,0
BRDA:1905,131,0,0
BRDA:1905,131,1,0
BRDA:1907,132,0,0
BRDA:1907,132,1,0
BRDA:1925,133,0,0
BRDA:1925,133,1,0
BRDA:1928,134,0,0
BRDA:1928,134,1,0
BRDA:1929,135,0,0
BRDA:1929,135,1,0
BRDA:1938,136,0,0
BRDA:1938,136,1,0
BRDA:1938,137,0,0
BRDA:1938,137,1,0
BRF:286
BRH:65
end_of_record
TN:
SF:src/app/expert-hub/page.tsx
FN:35,ExpertHubContent
FN:44,(anonymous_1)
FN:61,(anonymous_2)
FN:63,(anonymous_3)
FN:88,(anonymous_4)
FN:94,(anonymous_5)
FN:98,(anonymous_6)
FN:113,(anonymous_7)
FN:120,(anonymous_8)
FN:139,(anonymous_9)
FN:143,(anonymous_10)
FN:176,ExpertHubPage
FNF:12
FNH:8
FNDA:9,ExpertHubContent
FNDA:4,(anonymous_1)
FNDA:5,(anonymous_2)
FNDA:5,(anonymous_3)
FNDA:1,(anonymous_4)
FNDA:81,(anonymous_5)
FNDA:0,(anonymous_6)
FNDA:0,(anonymous_7)
FNDA:0,(anonymous_8)
FNDA:1,(anonymous_9)
FNDA:0,(anonymous_10)
FNDA:4,ExpertHubPage
DA:33,1
DA:36,9
DA:37,9
DA:38,9
DA:39,9
DA:40,9
DA:41,9
DA:42,9
DA:44,9
DA:45,4
DA:46,4
DA:47,4
DA:48,4
DA:49,4
DA:50,4
DA:51,4
DA:52,4
DA:53,4
DA:57,4
DA:61,9
DA:62,5
DA:63,5
DA:66,9
DA:88,1
DA:95,81
DA:98,0
DA:113,0
DA:120,0
DA:140,1
DA:143,0
DA:177,4
LF:31
LH:27
BRDA:49,0,0,0
BRDA:49,0,1,4
BRDA:50,1,0,0
BRDA:50,1,1,4
BRDA:101,2,0,9
BRDA:101,2,1,72
BRDA:106,3,0,9
BRDA:106,3,1,72
BRDA:114,4,0,9
BRDA:114,4,1,0
BRDA:121,5,0,0
BRDA:121,5,1,9
BRDA:130,6,0,6
BRDA:130,6,1,3
BRDA:132,7,0,2
BRDA:132,7,1,1
BRDA:148,8,0,0
BRDA:148,8,1,1
BRDA:160,9,0,1
BRDA:160,9,1,1
BRF:20
BRH:15
end_of_record
TN:
SF:src/app/login/page.tsx
FN:10,GoogleIcon
FN:33,GitHubIcon
FN:41,LoginForm
FN:52,(anonymous_3)
FN:78,(anonymous_4)
FN:121,(anonymous_5)
FN:139,(anonymous_6)
FN:146,(anonymous_7)
FN:180,(anonymous_8)
FN:188,(anonymous_9)
FN:213,LoginPage
FNF:11
FNH:10
FNDA:150,GoogleIcon
FNDA:150,GitHubIcon
FNDA:150,LoginForm
FNDA:7,(anonymous_3)
FNDA:2,(anonymous_4)
FNDA:67,(anonymous_5)
FNDA:53,(anonymous_6)
FNDA:0,(anonymous_7)
FNDA:1,(anonymous_8)
FNDA:1,(anonymous_9)
FNDA:19,LoginPage
DA:11,150
DA:34,150
DA:42,150
DA:43,150
DA:44,150
DA:45,150
DA:46,150
DA:47,150
DA:48,150
DA:49,150
DA:50,150
DA:52,150
DA:53,7
DA:54,7
DA:55,7
DA:57,7
DA:58,7
DA:63,5
DA:64,2
DA:65,2
DA:66,2
DA:70,3
DA:71,3
DA:73,2
DA:74,2
DA:78,150
DA:79,2
DA:80,2
DA:85,0
DA:89,150
DA:121,67
DA:139,53
DA:146,0
DA:180,1
DA:188,1
DA:214,19
LF:36
LH:34
BRDA:44,0,0,150
BRDA:44,0,1,150
BRDA:49,1,0,0
BRDA:49,1,1,150
BRDA:63,2,0,2
BRDA:63,2,1,3
BRDA:64,3,0,2
BRDA:64,3,1,0
BRDA:105,4,0,150
BRDA:105,4,1,4
BRDA:137,5,0,0
BRDA:137,5,1,150
BRDA:149,6,0,0
BRDA:149,6,1,150
BRDA:164,7,0,150
BRDA:164,7,1,7
BRF:16
BRH:12
end_of_record
TN:
SF:src/app/register/page.tsx
FN:10,GoogleIcon
FN:33,GitHubIcon
FN:41,RegisterPage
FN:52,(anonymous_3)
FN:90,(anonymous_4)
FN:131,(anonymous_5)
FN:144,(anonymous_6)
FN:157,(anonymous_7)
FN:166,(anonymous_8)
FN:179,(anonymous_9)
FN:188,(anonymous_10)
FN:216,(anonymous_11)
FN:224,(anonymous_12)
FNF:13
FNH:11
FNDA:312,GoogleIcon
FNDA:312,GitHubIcon
FNDA:312,RegisterPage
FNDA:10,(anonymous_3)
FNDA:2,(anonymous_4)
FNDA:34,(anonymous_5)
FNDA:106,(anonymous_6)
FNDA:68,(anonymous_7)
FNDA:0,(anonymous_8)
FNDA:68,(anonymous_9)
FNDA:0,(anonymous_10)
FNDA:1,(anonymous_11)
FNDA:1,(anonymous_12)
DA:11,312
DA:34,312
DA:42,312
DA:43,312
DA:44,312
DA:45,312
DA:46,312
DA:47,312
DA:48,312
DA:49,312
DA:50,312
DA:52,312
DA:53,10
DA:54,10
DA:56,10
DA:57,3
DA:58,3
DA:61,7
DA:62,0
DA:63,0
DA:66,7
DA:68,7
DA:69,7
DA:75,5
DA:76,2
DA:77,2
DA:78,2
DA:82,3
DA:83,3
DA:85,2
DA:86,2
DA:90,312
DA:91,2
DA:92,2
DA:97,0
DA:102,312
DA:104,312
DA:131,34
DA:144,106
DA:157,68
DA:166,0
DA:179,68
DA:188,0
DA:216,1
DA:224,1
LF:45
LH:40
BRDA:56,0,0,3
BRDA:56,0,1,7
BRDA:61,1,0,0
BRDA:61,1,1,7
BRDA:75,2,0,2
BRDA:75,2,1,3
BRDA:76,3,0,2
BRDA:76,3,1,0
BRDA:120,4,0,312
BRDA:120,4,1,7
BRDA:155,5,0,0
BRDA:155,5,1,312
BRDA:169,6,0,0
BRDA:169,6,1,312
BRDA:177,7,0,0
BRDA:177,7,1,312
BRDA:191,8,0,0
BRDA:191,8,1,312
BRDA:200,9,0,312
BRDA:200,9,1,7
BRF:20
BRH:14
end_of_record
TN:
SF:src/app/spaces/page.tsx
FN:32,SpaceCard
FN:66,SpacesContent
FN:70,(anonymous_2)
FN:71,(anonymous_3)
FN:72,(anonymous_4)
FN:73,(anonymous_5)
FN:75,(anonymous_6)
FN:79,(anonymous_7)
FN:82,(anonymous_8)
FN:87,(anonymous_9)
FN:114,(anonymous_10)
FN:121,(anonymous_11)
FN:124,(anonymous_12)
FN:152,(anonymous_13)
FN:165,(anonymous_14)
FN:179,SpacesPage
FNF:16
FNH:11
FNDA:8,SpaceCard
FNDA:4,SpacesContent
FNDA:4,(anonymous_2)
FNDA:4,(anonymous_3)
FNDA:4,(anonymous_4)
FNDA:4,(anonymous_5)
FNDA:4,(anonymous_6)
FNDA:4,(anonymous_7)
FNDA:0,(anonymous_8)
FNDA:0,(anonymous_9)
FNDA:0,(anonymous_10)
FNDA:36,(anonymous_11)
FNDA:0,(anonymous_12)
FNDA:0,(anonymous_13)
FNDA:8,(anonymous_14)
FNDA:4,SpacesPage
DA:15,1
DA:17,1
DA:33,8
DA:35,8
DA:67,4
DA:68,4
DA:69,4
DA:70,4
DA:71,4
DA:72,4
DA:73,4
DA:75,4
DA:76,4
DA:79,4
DA:80,4
DA:81,4
DA:82,0
DA:84,4
DA:85,0
DA:86,0
DA:88,0
DA:92,4
DA:95,4
DA:114,0
DA:122,36
DA:124,0
DA:152,0
DA:166,8
DA:180,4
LF:29
LH:22
BRDA:33,0,0,8
BRDA:33,0,1,0
BRDA:38,1,0,4
BRDA:38,1,1,4
BRDA:81,2,0,0
BRDA:81,2,1,4
BRDA:84,3,0,0
BRDA:84,3,1,4
BRDA:88,4,0,0
BRDA:88,4,1,0
BRDA:126,5,0,4
BRDA:126,5,1,32
BRDA:140,6,0,0
BRDA:140,6,1,4
BRDA:144,7,0,0
BRDA:144,7,1,4
BRDA:158,8,0,0
BRDA:158,8,1,4
BRF:18
BRH:10
end_of_record
TN:
SF:src/components/push-notification-handler.tsx
FN:11,PushNotificationHandler
FN:14,(anonymous_1)
FN:16,(anonymous_2)
FNF:3
FNH:2
FNDA:3,PushNotificationHandler
FNDA:3,(anonymous_1)
FNDA:0,(anonymous_2)
DA:12,3
DA:14,3
DA:15,3
DA:16,3
DA:17,0
DA:18,0
DA:19,0
DA:20,0
DA:21,0
DA:23,0
DA:24,0
DA:25,0
DA:27,0
DA:28,0
DA:30,0
DA:32,0
DA:33,0
DA:36,0
DA:39,3
DA:42,3
LF:20
LH:6
BRDA:17,0,0,0
BRDA:17,0,1,0
BRDA:20,1,0,0
BRDA:20,1,1,0
BRDA:24,2,0,0
BRDA:24,2,1,0
BRDA:24,3,0,0
BRDA:24,3,1,0
BRDA:27,4,0,0
BRDA:27,4,1,0
BRDA:32,5,0,0
BRDA:32,5,1,0
BRF:12
BRH:0
end_of_record
TN:
SF:src/components/chat/audio-player.tsx
FN:13,formatTime
FN:20,AudioPlayer
FN:27,(anonymous_2)
FN:31,(anonymous_3)
FN:32,(anonymous_4)
FN:38,(anonymous_5)
FN:48,(anonymous_6)
FN:55,(anonymous_7)
FN:72,(anonymous_8)
FNF:9
FNH:4
FNDA:1,formatTime
FNDA:1,AudioPlayer
FNDA:1,(anonymous_2)
FNDA:0,(anonymous_3)
FNDA:0,(anonymous_4)
FNDA:0,(anonymous_5)
FNDA:1,(anonymous_6)
FNDA:0,(anonymous_7)
FNDA:0,(anonymous_8)
DA:14,1
DA:15,1
DA:16,1
DA:17,1
DA:21,1
DA:22,1
DA:23,1
DA:24,1
DA:25,1
DA:27,1
DA:28,1
DA:29,1
DA:31,1
DA:32,1
DA:33,0
DA:34,0
DA:38,1
DA:39,0
DA:40,0
DA:41,0
DA:44,1
DA:45,1
DA:46,1
DA:48,1
DA:49,1
DA:50,1
DA:51,1
DA:55,1
DA:56,0
DA:57,0
DA:58,0
DA:59,0
DA:60,0
DA:62,0
DA:63,0
DA:64,0
DA:66,0
DA:67,0
DA:72,1
DA:73,0
DA:74,0
DA:75,0
DA:76,0
DA:80,0
DA:83,1
LF:45
LH:25
BRDA:14,0,0,0
BRDA:14,0,1,1
BRDA:14,1,0,1
BRDA:14,1,1,1
BRDA:24,2,0,1
BRDA:24,2,1,0
BRDA:29,3,0,0
BRDA:29,3,1,1
BRDA:35,4,0,0
BRDA:35,4,1,0
BRDA:57,5,0,0
BRDA:57,5,1,0
BRDA:58,6,0,0
BRDA:58,6,1,0
BRDA:74,7,0,0
BRDA:74,7,1,0
BRDA:74,8,0,0
BRDA:74,8,1,0
BRDA:98,9,0,0
BRDA:98,9,1,1
BRDA:121,10,0,0
BRDA:121,10,1,1
BRF:22
BRH:7
end_of_record
TN:
SF:src/components/chat/chat-area.tsx
FN:34,ChatArea
FN:37,(anonymous_1)
FN:38,(anonymous_2)
FN:39,(anonymous_3)
FN:40,(anonymous_4)
FN:41,(anonymous_5)
FN:43,(anonymous_6)
FN:44,(anonymous_7)
FN:45,(anonymous_8)
FN:46,(anonymous_9)
FN:47,(anonymous_10)
FN:48,(anonymous_11)
FN:49,(anonymous_12)
FN:67,(anonymous_13)
FN:71,(anonymous_14)
FN:72,(anonymous_15)
FN:76,(anonymous_16)
FN:77,(anonymous_17)
FN:82,(anonymous_18)
FN:85,(anonymous_19)
FN:92,(anonymous_20)
FN:96,(anonymous_21)
FN:105,(anonymous_22)
FN:114,(anonymous_23)
FN:119,(anonymous_24)
FN:170,(anonymous_25)
FN:178,(anonymous_26)
FN:181,(anonymous_27)
FN:221,(anonymous_28)
FN:226,(anonymous_29)
FN:227,(anonymous_30)
FN:234,(anonymous_31)
FN:235,(anonymous_32)
FN:242,(anonymous_33)
FN:249,(anonymous_34)
FN:256,(anonymous_35)
FN:263,(anonymous_36)
FN:264,(anonymous_37)
FN:276,(anonymous_38)
FN:278,(anonymous_39)
FN:278,(anonymous_40)
FN:281,(anonymous_41)
FN:298,(anonymous_42)
FN:327,(anonymous_43)
FN:332,(anonymous_44)
FNF:45
FNH:20
FNDA:10,ChatArea
FNDA:10,(anonymous_1)
FNDA:10,(anonymous_2)
FNDA:10,(anonymous_3)
FNDA:10,(anonymous_4)
FNDA:10,(anonymous_5)
FNDA:10,(anonymous_6)
FNDA:10,(anonymous_7)
FNDA:10,(anonymous_8)
FNDA:10,(anonymous_9)
FNDA:10,(anonymous_10)
FNDA:10,(anonymous_11)
FNDA:10,(anonymous_12)
FNDA:10,(anonymous_13)
FNDA:8,(anonymous_14)
FNDA:0,(anonymous_15)
FNDA:10,(anonymous_16)
FNDA:0,(anonymous_17)
FNDA:10,(anonymous_18)
FNDA:0,(anonymous_19)
FNDA:10,(anonymous_20)
FNDA:0,(anonymous_21)
FNDA:0,(anonymous_22)
FNDA:0,(anonymous_23)
FNDA:0,(anonymous_24)
FNDA:7,(anonymous_25)
FNDA:3,(anonymous_26)
FNDA:0,(anonymous_27)
FNDA:0,(anonymous_28)
FNDA:0,(anonymous_29)
FNDA:0,(anonymous_30)
FNDA:0,(anonymous_31)
FNDA:0,(anonymous_32)
FNDA:0,(anonymous_33)
FNDA:0,(anonymous_34)
FNDA:0,(anonymous_35)
FNDA:0,(anonymous_36)
FNDA:0,(anonymous_37)
FNDA:0,(anonymous_38)
FNDA:0,(anonymous_39)
FNDA:0,(anonymous_40)
FNDA:0,(anonymous_41)
FNDA:0,(anonymous_42)
FNDA:0,(anonymous_43)
FNDA:0,(anonymous_44)
DA:35,10
DA:36,10
DA:37,10
DA:38,10
DA:39,10
DA:40,10
DA:41,10
DA:43,10
DA:44,10
DA:45,10
DA:46,10
DA:47,10
DA:48,10
DA:49,10
DA:52,10
DA:53,10
DA:54,10
DA:55,10
DA:56,10
DA:57,10
DA:58,10
DA:59,10
DA:60,10
DA:61,10
DA:62,10
DA:63,10
DA:65,10
DA:67,10
DA:68,10
DA:69,8
DA:70,8
DA:71,8
DA:76,10
DA:77,10
DA:78,0
DA:79,0
DA:81,10
DA:82,10
DA:85,10
DA:92,10
DA:93,10
DA:96,10
DA:97,0
DA:98,0
DA:99,0
DA:100,0
DA:101,0
DA:105,10
DA:106,0
DA:107,0
DA:108,0
DA:109,0
DA:110,0
DA:114,10
DA:115,0
DA:116,0
DA:119,10
DA:120,0
DA:121,0
DA:122,0
DA:123,0
DA:126,0
DA:127,0
DA:128,0
DA:129,0
DA:130,0
DA:136,0
DA:141,0
DA:142,0
DA:143,0
DA:144,0
DA:145,0
DA:151,0
DA:155,0
DA:156,0
DA:157,0
DA:161,10
DA:162,1
DA:165,9
DA:166,1
DA:169,8
DA:170,7
DA:172,8
DA:174,7
DA:177,7
DA:178,3
DA:181,7
DA:182,0
DA:183,0
DA:186,7
DA:222,0
DA:223,0
DA:224,0
DA:226,0
DA:228,0
DA:229,0
DA:231,0
DA:234,0
DA:236,0
DA:237,0
DA:239,0
DA:243,0
DA:244,0
DA:246,0
DA:250,0
DA:251,0
DA:253,0
DA:257,0
DA:258,0
DA:260,0
DA:263,0
DA:264,0
DA:276,0
DA:278,0
DA:281,0
DA:298,0
DA:327,0
DA:332,0
LF:118
LH:55
BRDA:68,0,0,2
BRDA:68,0,1,8
BRDA:78,1,0,0
BRDA:78,1,1,0
BRDA:100,2,0,0
BRDA:100,2,1,0
BRDA:100,3,0,0
BRDA:100,3,1,0
BRDA:100,3,2,0
BRDA:109,4,0,0
BRDA:109,4,1,0
BRDA:127,5,0,0
BRDA:127,5,1,0
BRDA:142,6,0,0
BRDA:142,6,1,0
BRDA:156,7,0,0
BRDA:156,7,1,0
BRDA:161,8,0,1
BRDA:161,8,1,9
BRDA:165,9,0,1
BRDA:165,9,1,8
BRDA:172,10,0,1
BRDA:172,10,1,7
BRDA:174,11,0,7
BRDA:174,11,1,1
BRDA:177,12,0,4
BRDA:177,12,1,3
BRDA:181,13,0,0
BRDA:189,14,0,0
BRDA:189,14,1,7
BRDA:199,15,0,7
BRDA:199,15,1,0
BRDA:202,16,0,7
BRDA:202,16,1,0
BRDA:216,17,0,7
BRDA:216,17,1,3
BRDA:220,18,0,0
BRDA:220,18,1,7
BRDA:220,19,0,0
BRDA:220,19,1,0
BRDA:221,20,0,1
BRDA:221,20,1,6
BRDA:226,21,0,3
BRDA:226,21,1,3
BRDA:227,22,0,0
BRDA:227,22,1,7
BRDA:228,23,0,0
BRDA:228,23,1,0
BRDA:234,24,0,0
BRDA:234,24,1,7
BRDA:236,25,0,0
BRDA:236,25,1,0
BRDA:243,26,0,0
BRDA:243,26,1,0
BRDA:250,27,0,0
BRDA:250,27,1,0
BRDA:256,28,0,0
BRDA:256,28,1,7
BRDA:257,29,0,0
BRDA:257,29,1,0
BRDA:268,30,0,7
BRDA:268,30,1,7
BRDA:283,31,0,7
BRDA:283,31,1,3
BRDA:291,32,0,7
BRDA:291,32,1,0
BRDA:327,33,0,0
BRDA:327,33,1,0
BRDA:332,34,0,0
BRDA:332,34,1,0
BRDA:335,35,0,7
BRDA:335,35,1,0
BRDA:340,36,0,0
BRDA:340,36,1,0
BRF:74
BRH:31
end_of_record
TN:
SF:src/components/chat/chat-input.tsx
FN:66,isAcceptedFile
FN:70,isFileTooLarge
FN:84,FilePreviewGrid
FN:96,(anonymous_3)
FN:96,(anonymous_4)
FN:100,(anonymous_5)
FN:101,(anonymous_6)
FN:102,(anonymous_7)
FN:108,(anonymous_8)
FN:109,(anonymous_9)
FN:115,(anonymous_10)
FN:117,(anonymous_11)
FN:134,(anonymous_12)
FN:151,(anonymous_13)
FN:165,ChatInput
FN:180,(anonymous_15)
FN:181,(anonymous_16)
FN:182,(anonymous_17)
FN:183,(anonymous_18)
FN:184,(anonymous_19)
FN:185,(anonymous_20)
FN:186,(anonymous_21)
FN:187,(anonymous_22)
FN:188,(anonymous_23)
FN:189,(anonymous_24)
FN:190,(anonymous_25)
FN:191,(anonymous_26)
FN:192,(anonymous_27)
FN:193,(anonymous_28)
FN:194,(anonymous_29)
FN:195,(anonymous_30)
FN:196,(anonymous_31)
FN:197,(anonymous_32)
FN:198,(anonymous_33)
FN:199,(anonymous_34)
FN:200,(anonymous_35)
FN:205,(anonymous_36)
FN:220,(anonymous_37)
FN:227,(anonymous_38)
FN:232,(anonymous_39)
FN:238,(anonymous_40)
FN:242,(anonymous_41)
FN:255,(anonymous_42)
FN:280,(anonymous_43)
FN:290,(anonymous_44)
FN:318,(anonymous_45)
FN:349,(anonymous_46)
FN:351,(anonymous_47)
FN:352,(anonymous_48)
FN:359,(anonymous_49)
FN:364,(anonymous_50)
FN:379,(anonymous_51)
FN:386,(anonymous_52)
FN:398,(anonymous_53)
FN:404,(anonymous_54)
FN:416,(anonymous_55)
FN:427,(anonymous_56)
FN:439,(anonymous_57)
FN:504,(anonymous_58)
FN:533,(anonymous_59)
FN:540,(anonymous_60)
FN:551,(anonymous_61)
FN:559,(anonymous_62)
FN:561,(anonymous_63)
FN:563,(anonymous_64)
FN:597,(anonymous_65)
FN:634,(anonymous_66)
FN:658,(anonymous_67)
FN:671,(anonymous_68)
FN:681,(anonymous_69)
FN:695,(anonymous_70)
FN:700,(anonymous_71)
FN:706,(anonymous_72)
FN:711,(anonymous_73)
FN:726,(anonymous_74)
FN:734,(anonymous_75)
FN:746,(anonymous_76)
FN:822,(anonymous_77)
FN:835,(anonymous_78)
FN:845,(anonymous_79)
FN:859,(anonymous_80)
FN:864,(anonymous_81)
FN:870,(anonymous_82)
FN:875,(anonymous_83)
FN:890,(anonymous_84)
FN:898,(anonymous_85)
FN:910,(anonymous_86)
FN:913,(anonymous_87)
FN:917,(anonymous_88)
FN:918,(anonymous_89)
FN:922,(anonymous_90)
FN:990,(anonymous_91)
FN:1007,(anonymous_92)
FN:1012,(anonymous_93)
FN:1019,(anonymous_94)
FN:1041,(anonymous_95)
FN:1048,(anonymous_96)
FN:1107,(anonymous_97)
FN:1137,(anonymous_98)
FN:1148,(anonymous_99)
FN:1154,(anonymous_100)
FN:1156,(anonymous_101)
FN:1182,(anonymous_102)
FN:1186,(anonymous_103)
FN:1213,(anonymous_104)
FN:1214,(anonymous_105)
FN:1243,(anonymous_106)
FN:1244,(anonymous_107)
FN:1286,(anonymous_108)
FN:1298,(anonymous_109)
FN:1298,(anonymous_110)
FN:1298,(anonymous_111)
FN:1299,(anonymous_112)
FN:1332,(anonymous_113)
FN:1333,(anonymous_114)
FN:1342,(anonymous_115)
FN:1397,(anonymous_116)
FNF:117
FNH:40
FNDA:0,isAcceptedFile
FNDA:0,isFileTooLarge
FNDA:0,FilePreviewGrid
FNDA:0,(anonymous_3)
FNDA:0,(anonymous_4)
FNDA:0,(anonymous_5)
FNDA:0,(anonymous_6)
FNDA:0,(anonymous_7)
FNDA:0,(anonymous_8)
FNDA:0,(anonymous_9)
FNDA:0,(anonymous_10)
FNDA:0,(anonymous_11)
FNDA:0,(anonymous_12)
FNDA:0,(anonymous_13)
FNDA:97,ChatInput
FNDA:97,(anonymous_15)
FNDA:97,(anonymous_16)
FNDA:97,(anonymous_17)
FNDA:97,(anonymous_18)
FNDA:97,(anonymous_19)
FNDA:97,(anonymous_20)
FNDA:97,(anonymous_21)
FNDA:97,(anonymous_22)
FNDA:97,(anonymous_23)
FNDA:97,(anonymous_24)
FNDA:97,(anonymous_25)
FNDA:97,(anonymous_26)
FNDA:97,(anonymous_27)
FNDA:97,(anonymous_28)
FNDA:97,(anonymous_29)
FNDA:97,(anonymous_30)
FNDA:97,(anonymous_31)
FNDA:97,(anonymous_32)
FNDA:97,(anonymous_33)
FNDA:97,(anonymous_34)
FNDA:97,(anonymous_35)
FNDA:97,(anonymous_36)
FNDA:21,(anonymous_37)
FNDA:88,(anonymous_38)
FNDA:0,(anonymous_39)
FNDA:0,(anonymous_40)
FNDA:0,(anonymous_41)
FNDA:21,(anonymous_42)
FNDA:97,(anonymous_43)
FNDA:0,(anonymous_44)
FNDA:0,(anonymous_45)
FNDA:97,(anonymous_46)
FNDA:0,(anonymous_47)
FNDA:0,(anonymous_48)
FNDA:21,(anonymous_49)
FNDA:21,(anonymous_50)
FNDA:97,(anonymous_51)
FNDA:0,(anonymous_52)
FNDA:21,(anonymous_53)
FNDA:4,(anonymous_54)
FNDA:0,(anonymous_55)
FNDA:0,(anonymous_56)
FNDA:0,(anonymous_57)
FNDA:0,(anonymous_58)
FNDA:4,(anonymous_59)
FNDA:0,(anonymous_60)
FNDA:0,(anonymous_61)
FNDA:0,(anonymous_62)
FNDA:0,(anonymous_63)
FNDA:0,(anonymous_64)
FNDA:0,(anonymous_65)
FNDA:0,(anonymous_66)
FNDA:0,(anonymous_67)
FNDA:0,(anonymous_68)
FNDA:0,(anonymous_69)
FNDA:0,(anonymous_70)
FNDA:0,(anonymous_71)
FNDA:0,(anonymous_72)
FNDA:0,(anonymous_73)
FNDA:0,(anonymous_74)
FNDA:0,(anonymous_75)
FNDA:0,(anonymous_76)
FNDA:0,(anonymous_77)
FNDA:0,(anonymous_78)
FNDA:0,(anonymous_79)
FNDA:0,(anonymous_80)
FNDA:0,(anonymous_81)
FNDA:0,(anonymous_82)
FNDA:0,(anonymous_83)
FNDA:0,(anonymous_84)
FNDA:0,(anonymous_85)
FNDA:21,(anonymous_86)
FNDA:21,(anonymous_87)
FNDA:0,(anonymous_88)
FNDA:21,(anonymous_89)
FNDA:5,(anonymous_90)
FNDA:0,(anonymous_91)
FNDA:71,(anonymous_92)
FNDA:0,(anonymous_93)
FNDA:0,(anonymous_94)
FNDA:0,(anonymous_95)
FNDA:0,(anonymous_96)
FNDA:63,(anonymous_97)
FNDA:0,(anonymous_98)
FNDA:0,(anonymous_99)
FNDA:0,(anonymous_100)
FNDA:0,(anonymous_101)
FNDA:0,(anonymous_102)
FNDA:0,(anonymous_103)
FNDA:0,(anonymous_104)
FNDA:0,(anonymous_105)
FNDA:0,(anonymous_106)
FNDA:0,(anonymous_107)
FNDA:0,(anonymous_108)
FNDA:0,(anonymous_109)
FNDA:0,(anonymous_110)
FNDA:0,(anonymous_111)
FNDA:0,(anonymous_112)
FNDA:0,(anonymous_113)
FNDA:0,(anonymous_114)
FNDA:0,(anonymous_115)
FNDA:0,(anonymous_116)
DA:58,1
DA:64,1
DA:67,0
DA:71,0
DA:95,0
DA:96,0
DA:100,0
DA:101,0
DA:102,0
DA:107,0
DA:108,0
DA:109,0
DA:115,0
DA:116,0
DA:117,0
DA:120,0
DA:135,0
DA:151,0
DA:166,97
DA:167,97
DA:168,97
DA:169,97
DA:170,97
DA:171,97
DA:172,97
DA:173,97
DA:174,97
DA:175,97
DA:176,97
DA:177,97
DA:178,97
DA:179,97
DA:180,97
DA:181,97
DA:182,97
DA:183,97
DA:184,97
DA:185,97
DA:186,97
DA:187,97
DA:188,97
DA:189,97
DA:190,97
DA:191,97
DA:192,97
DA:193,97
DA:194,97
DA:195,97
DA:196,97
DA:197,97
DA:198,97
DA:199,97
DA:200,97
DA:201,97
DA:204,97
DA:205,97
DA:210,97
DA:216,97
DA:220,97
DA:221,21
DA:222,21
DA:227,97
DA:228,88
DA:229,0
DA:230,0
DA:231,0
DA:232,0
DA:233,0
DA:238,0
DA:239,0
DA:240,0
DA:242,0
DA:243,0
DA:244,0
DA:245,0
DA:246,0
DA:248,0
DA:251,0
DA:255,97
DA:256,21
DA:257,21
DA:258,21
DA:259,21
DA:260,21
DA:261,21
DA:262,21
DA:263,21
DA:264,21
DA:265,0
DA:275,97
DA:277,97
DA:280,97
DA:281,97
DA:283,0
DA:284,0
DA:287,0
DA:289,0
DA:290,0
DA:291,0
DA:293,0
DA:299,0
DA:300,0
DA:313,0
DA:314,0
DA:315,0
DA:316,0
DA:318,0
DA:325,0
DA:326,0
DA:332,0
DA:333,0
DA:334,0
DA:344,0
DA:348,97
DA:350,97
DA:351,0
DA:352,0
DA:356,97
DA:359,97
DA:360,21
DA:364,97
DA:365,21
DA:366,0
DA:367,0
DA:372,97
DA:377,97
DA:379,97
DA:380,97
DA:381,0
DA:384,0
DA:385,0
DA:386,0
DA:389,0
DA:390,0
DA:391,0
DA:393,0
DA:396,97
DA:398,97
DA:399,21
DA:404,97
DA:405,4
DA:406,4
DA:407,4
DA:408,4
DA:409,4
DA:410,4
DA:411,4
DA:415,97
DA:417,0
DA:418,0
DA:419,0
DA:420,0
DA:421,0
DA:422,0
DA:423,0
DA:424,0
DA:425,0
DA:426,0
DA:427,0
DA:428,0
DA:429,0
DA:430,0
DA:431,0
DA:438,97
DA:441,0
DA:442,0
DA:444,0
DA:447,0
DA:448,0
DA:449,0
DA:450,0
DA:454,0
DA:455,0
DA:458,0
DA:459,0
DA:462,0
DA:463,0
DA:464,0
DA:467,0
DA:468,0
DA:469,0
DA:470,0
DA:473,0
DA:474,0
DA:478,0
DA:479,0
DA:480,0
DA:482,0
DA:485,0
DA:503,97
DA:505,0
DA:507,0
DA:508,0
DA:510,0
DA:511,0
DA:512,0
DA:513,0
DA:516,0
DA:517,0
DA:518,0
DA:521,0
DA:523,0
DA:524,0
DA:532,97
DA:534,4
DA:536,0
DA:537,0
DA:538,0
DA:540,0
DA:541,0
DA:543,0
DA:544,0
DA:551,97
DA:552,0
DA:554,0
DA:555,0
DA:558,0
DA:560,0
DA:561,0
DA:562,0
DA:563,0
DA:564,0
DA:566,0
DA:574,0
DA:577,0
DA:582,0
DA:583,0
DA:584,0
DA:597,0
DA:605,0
DA:606,0
DA:607,0
DA:608,0
DA:615,0
DA:616,0
DA:624,0
DA:625,0
DA:626,0
DA:627,0
DA:628,0
DA:629,0
DA:630,0
DA:633,0
DA:634,0
DA:636,0
DA:637,0
DA:641,0
DA:642,0
DA:644,0
DA:645,0
DA:648,0
DA:657,0
DA:658,0
DA:659,0
DA:662,0
DA:663,0
DA:667,0
DA:668,0
DA:669,0
DA:670,0
DA:671,0
DA:681,0
DA:682,0
DA:693,0
DA:694,0
DA:695,0
DA:696,0
DA:700,0
DA:705,0
DA:706,0
DA:707,0
DA:711,0
DA:718,0
DA:720,0
DA:721,0
DA:722,0
DA:723,0
DA:726,0
DA:730,0
DA:731,0
DA:734,0
DA:738,0
DA:739,0
DA:741,0
DA:745,97
DA:747,0
DA:748,0
DA:750,0
DA:751,0
DA:756,0
DA:757,0
DA:758,0
DA:782,0
DA:783,0
DA:784,0
DA:785,0
DA:792,0
DA:793,0
DA:801,0
DA:802,0
DA:803,0
DA:804,0
DA:805,0
DA:806,0
DA:808,0
DA:809,0
DA:812,0
DA:821,0
DA:822,0
DA:823,0
DA:826,0
DA:827,0
DA:831,0
DA:832,0
DA:833,0
DA:834,0
DA:835,0
DA:845,0
DA:846,0
DA:857,0
DA:858,0
DA:859,0
DA:860,0
DA:864,0
DA:869,0
DA:870,0
DA:871,0
DA:875,0
DA:882,0
DA:884,0
DA:885,0
DA:886,0
DA:887,0
DA:890,0
DA:894,0
DA:895,0
DA:898,0
DA:903,0
DA:910,97
DA:911,21
DA:912,21
DA:914,21
DA:915,21
DA:918,21
DA:922,97
DA:923,5
DA:924,0
DA:925,0
DA:928,5
DA:929,5
DA:932,5
DA:935,4
DA:936,0
DA:937,0
DA:942,4
DA:943,0
DA:944,0
DA:951,0
DA:952,0
DA:959,0
DA:966,0
DA:970,4
DA:971,4
DA:972,0
DA:977,0
DA:980,4
DA:983,4
DA:984,4
DA:986,4
DA:987,0
DA:988,0
DA:989,0
DA:990,0
DA:992,0
DA:995,4
DA:996,0
DA:998,4
DA:1000,4
DA:1001,4
DA:1002,4
DA:1007,97
DA:1009,71
DA:1010,0
DA:1011,0
DA:1012,0
DA:1013,0
DA:1015,0
DA:1017,0
DA:1018,0
DA:1019,0
DA:1020,0
DA:1022,0
DA:1024,0
DA:1025,0
DA:1026,0
DA:1027,0
DA:1028,0
DA:1030,0
DA:1031,0
DA:1032,0
DA:1033,0
DA:1038,71
DA:1039,0
DA:1040,0
DA:1041,0
DA:1042,0
DA:1044,0
DA:1046,0
DA:1047,0
DA:1048,0
DA:1049,0
DA:1051,0
DA:1053,0
DA:1054,0
DA:1055,0
DA:1056,0
DA:1057,0
DA:1059,0
DA:1061,0
DA:1062,0
DA:1063,0
DA:1064,0
DA:1066,0
DA:1067,0
DA:1068,0
DA:1069,0
DA:1071,0
DA:1074,0
DA:1076,0
DA:1081,71
DA:1082,0
DA:1083,0
DA:1084,0
DA:1085,0
DA:1087,0
DA:1089,71
DA:1090,0
DA:1091,0
DA:1092,0
DA:1093,0
DA:1095,0
DA:1100,71
DA:1101,71
DA:1102,5
DA:1103,5
DA:1107,97
DA:1108,63
DA:1109,63
DA:1110,63
DA:1111,63
DA:1114,63
DA:1115,63
DA:1116,9
DA:1117,9
DA:1121,63
DA:1122,63
DA:1123,63
DA:1124,63
DA:1125,0
DA:1126,0
DA:1128,63
DA:1129,63
DA:1132,63
DA:1133,63
DA:1134,63
DA:1137,97
DA:1138,0
DA:1139,0
DA:1140,0
DA:1141,0
DA:1142,0
DA:1143,0
DA:1144,0
DA:1146,0
DA:1147,0
DA:1148,0
DA:1149,0
DA:1154,0
DA:1155,0
DA:1156,0
DA:1157,0
DA:1158,0
DA:1159,0
DA:1160,0
DA:1162,0
DA:1165,0
DA:1171,97
DA:1173,97
DA:1183,0
DA:1184,0
DA:1187,0
DA:1188,0
DA:1198,0
DA:1199,0
DA:1200,0
DA:1202,0
DA:1203,0
DA:1213,0
DA:1215,0
DA:1216,0
DA:1233,0
DA:1243,0
DA:1245,0
DA:1246,0
DA:1286,0
DA:1298,0
DA:1299,0
DA:1332,0
DA:1333,0
DA:1342,0
DA:1397,0
LF:511
LH:144
BRDA:96,0,0,0
BRDA:96,0,1,0
BRDA:102,1,0,0
BRDA:102,1,1,0
BRDA:109,2,0,0
BRDA:109,2,1,0
BRDA:117,3,0,0
BRDA:117,3,1,0
BRDA:136,4,0,0
BRDA:136,4,1,0
BRDA:141,5,0,0
BRDA:141,5,1,0
BRDA:165,6,0,0
BRDA:210,7,0,0
BRDA:210,7,1,97
BRDA:210,8,0,97
BRDA:210,8,1,0
BRDA:216,9,0,97
BRDA:216,9,1,0
BRDA:216,10,0,97
BRDA:216,10,1,0
BRDA:221,11,0,21
BRDA:221,11,1,0
BRDA:228,12,0,88
BRDA:228,12,1,0
BRDA:228,13,0,88
BRDA:228,13,1,0
BRDA:231,14,0,0
BRDA:231,14,1,0
BRDA:234,15,0,0
BRDA:234,15,1,0
BRDA:239,16,0,0
BRDA:239,16,1,0
BRDA:240,17,0,0
BRDA:240,17,1,0
BRDA:244,18,0,0
BRDA:244,18,1,0
BRDA:256,19,0,0
BRDA:256,19,1,21
BRDA:257,20,0,21
BRDA:257,20,1,21
BRDA:262,21,0,21
BRDA:262,21,1,0
BRDA:264,22,0,0
BRDA:264,22,1,21
BRDA:275,23,0,0
BRDA:275,23,1,97
BRDA:277,24,0,97
BRDA:277,24,1,0
BRDA:281,25,0,97
BRDA:281,25,1,0
BRDA:283,26,0,0
BRDA:283,26,1,0
BRDA:291,27,0,0
BRDA:291,27,1,0
BRDA:313,28,0,0
BRDA:313,28,1,0
BRDA:314,29,0,0
BRDA:314,29,1,0
BRDA:316,30,0,0
BRDA:316,30,1,0
BRDA:318,31,0,0
BRDA:318,31,1,0
BRDA:318,31,2,0
BRDA:319,32,0,0
BRDA:319,32,1,0
BRDA:319,32,2,0
BRDA:320,33,0,0
BRDA:320,33,1,0
BRDA:321,34,0,0
BRDA:321,34,1,0
BRDA:325,35,0,0
BRDA:325,35,1,0
BRDA:333,36,0,0
BRDA:333,36,1,0
BRDA:365,37,0,21
BRDA:365,37,1,0
BRDA:365,38,0,21
BRDA:365,38,1,0
BRDA:372,39,0,97
BRDA:372,39,1,0
BRDA:373,40,0,97
BRDA:373,40,1,97
BRDA:377,41,0,97
BRDA:377,41,1,0
BRDA:380,42,0,97
BRDA:380,42,1,0
BRDA:380,43,0,97
BRDA:380,43,1,0
BRDA:385,44,0,0
BRDA:385,44,1,0
BRDA:389,45,0,0
BRDA:389,45,1,0
BRDA:390,46,0,0
BRDA:390,46,1,0
BRDA:391,47,0,0
BRDA:391,47,1,0
BRDA:396,48,0,97
BRDA:396,48,1,0
BRDA:409,49,0,4
BRDA:409,49,1,0
BRDA:410,50,0,4
BRDA:410,50,1,0
BRDA:417,51,0,0
BRDA:417,51,1,0
BRDA:418,52,0,0
BRDA:418,52,1,0
BRDA:428,53,0,0
BRDA:428,53,1,0
BRDA:442,54,0,0
BRDA:442,54,1,0
BRDA:444,55,0,0
BRDA:444,55,1,0
BRDA:444,55,2,0
BRDA:444,55,3,0
BRDA:444,55,4,0
BRDA:444,55,5,0
BRDA:444,55,6,0
BRDA:444,55,7,0
BRDA:447,56,0,0
BRDA:447,56,1,0
BRDA:447,57,0,0
BRDA:447,57,1,0
BRDA:467,58,0,0
BRDA:467,58,1,0
BRDA:467,58,2,0
BRDA:469,59,0,0
BRDA:469,59,1,0
BRDA:478,60,0,0
BRDA:478,60,1,0
BRDA:479,61,0,0
BRDA:479,61,1,0
BRDA:482,62,0,0
BRDA:482,62,1,0
BRDA:505,63,0,0
BRDA:505,63,1,0
BRDA:507,64,0,0
BRDA:507,64,1,0
BRDA:510,65,0,0
BRDA:510,65,1,0
BRDA:521,66,0,0
BRDA:521,66,1,0
BRDA:534,67,0,4
BRDA:534,67,1,0
BRDA:538,68,0,0
BRDA:538,68,1,0
BRDA:541,69,0,0
BRDA:541,69,1,0
BRDA:552,70,0,0
BRDA:552,70,1,0
BRDA:552,71,0,0
BRDA:552,71,1,0
BRDA:560,72,0,0
BRDA:560,72,1,0
BRDA:582,73,0,0
BRDA:582,73,1,0
BRDA:591,74,0,0
BRDA:591,74,1,0
BRDA:595,75,0,0
BRDA:595,75,1,0
BRDA:606,76,0,0
BRDA:606,76,1,0
BRDA:607,77,0,0
BRDA:607,77,1,0
BRDA:615,78,0,0
BRDA:615,78,1,0
BRDA:641,79,0,0
BRDA:641,79,1,0
BRDA:644,80,0,0
BRDA:644,80,1,0
BRDA:657,81,0,0
BRDA:657,81,1,0
BRDA:659,82,0,0
BRDA:659,82,1,0
BRDA:661,83,0,0
BRDA:661,83,1,0
BRDA:669,84,0,0
BRDA:669,84,1,0
BRDA:682,85,0,0
BRDA:682,85,1,0
BRDA:687,86,0,0
BRDA:687,86,1,0
BRDA:688,87,0,0
BRDA:688,87,1,0
BRDA:693,88,0,0
BRDA:693,88,1,0
BRDA:694,89,0,0
BRDA:694,89,1,0
BRDA:699,90,0,0
BRDA:699,90,1,0
BRDA:705,91,0,0
BRDA:705,91,1,0
BRDA:710,92,0,0
BRDA:710,92,1,0
BRDA:721,93,0,0
BRDA:721,93,1,0
BRDA:722,94,0,0
BRDA:722,94,1,0
BRDA:730,95,0,0
BRDA:730,95,1,0
BRDA:748,96,0,0
BRDA:748,96,1,0
BRDA:750,97,0,0
BRDA:750,97,1,0
BRDA:756,98,0,0
BRDA:756,98,1,0
BRDA:765,99,0,0
BRDA:765,99,1,0
BRDA:772,100,0,0
BRDA:772,100,1,0
BRDA:775,101,0,0
BRDA:775,101,1,0
BRDA:783,102,0,0
BRDA:783,102,1,0
BRDA:784,103,0,0
BRDA:784,103,1,0
BRDA:792,104,0,0
BRDA:792,104,1,0
BRDA:805,105,0,0
BRDA:805,105,1,0
BRDA:808,106,0,0
BRDA:808,106,1,0
BRDA:821,107,0,0
BRDA:821,107,1,0
BRDA:823,108,0,0
BRDA:823,108,1,0
BRDA:825,109,0,0
BRDA:825,109,1,0
BRDA:833,110,0,0
BRDA:833,110,1,0
BRDA:846,111,0,0
BRDA:846,111,1,0
BRDA:851,112,0,0
BRDA:851,112,1,0
BRDA:852,113,0,0
BRDA:852,113,1,0
BRDA:857,114,0,0
BRDA:857,114,1,0
BRDA:858,115,0,0
BRDA:858,115,1,0
BRDA:863,116,0,0
BRDA:863,116,1,0
BRDA:869,117,0,0
BRDA:869,117,1,0
BRDA:874,118,0,0
BRDA:874,118,1,0
BRDA:885,119,0,0
BRDA:885,119,1,0
BRDA:886,120,0,0
BRDA:886,120,1,0
BRDA:894,121,0,0
BRDA:894,121,1,0
BRDA:914,122,0,0
BRDA:914,122,1,21
BRDA:923,123,0,0
BRDA:923,123,1,5
BRDA:932,124,0,1
BRDA:932,124,1,4
BRDA:932,125,0,5
BRDA:932,125,1,1
BRDA:935,126,0,0
BRDA:935,126,1,4
BRDA:935,127,0,4
BRDA:935,127,1,4
BRDA:935,127,2,4
BRDA:942,128,0,0
BRDA:942,128,1,4
BRDA:943,129,0,0
BRDA:943,129,1,0
BRDA:948,130,0,0
BRDA:948,130,1,0
BRDA:951,131,0,0
BRDA:951,131,1,0
BRDA:956,132,0,0
BRDA:956,132,1,0
BRDA:963,133,0,0
BRDA:963,133,1,0
BRDA:971,134,0,0
BRDA:971,134,1,4
BRDA:972,135,0,0
BRDA:972,135,1,0
BRDA:974,136,0,0
BRDA:974,136,1,0
BRDA:977,137,0,0
BRDA:977,137,1,0
BRDA:980,138,0,0
BRDA:980,138,1,4
BRDA:988,139,0,0
BRDA:988,139,1,0
BRDA:992,140,0,0
BRDA:992,140,1,0
BRDA:995,141,0,0
BRDA:995,141,1,4
BRDA:998,142,0,0
BRDA:998,142,1,4
BRDA:1000,143,0,4
BRDA:1000,143,1,0
BRDA:1009,144,0,0
BRDA:1009,144,1,71
BRDA:1010,145,0,0
BRDA:1010,145,1,0
BRDA:1013,146,0,0
BRDA:1013,146,1,0
BRDA:1017,147,0,0
BRDA:1017,147,1,0
BRDA:1020,148,0,0
BRDA:1020,148,1,0
BRDA:1024,149,0,0
BRDA:1024,149,1,0
BRDA:1024,150,0,0
BRDA:1024,150,1,0
BRDA:1027,151,0,0
BRDA:1027,151,1,0
BRDA:1030,152,0,0
BRDA:1030,152,1,0
BRDA:1038,153,0,0
BRDA:1038,153,1,71
BRDA:1038,154,0,71
BRDA:1038,154,1,0
BRDA:1039,155,0,0
BRDA:1039,155,1,0
BRDA:1042,156,0,0
BRDA:1042,156,1,0
BRDA:1046,157,0,0
BRDA:1046,157,1,0
BRDA:1049,158,0,0
BRDA:1049,158,1,0
BRDA:1053,159,0,0
BRDA:1053,159,1,0
BRDA:1053,160,0,0
BRDA:1053,160,1,0
BRDA:1056,161,0,0
BRDA:1056,161,1,0
BRDA:1061,162,0,0
BRDA:1061,162,1,0
BRDA:1066,163,0,0
BRDA:1066,163,1,0
BRDA:1069,164,0,0
BRDA:1069,164,1,0
BRDA:1069,165,0,0
BRDA:1069,165,1,0
BRDA:1071,166,0,0
BRDA:1071,166,1,0
BRDA:1081,167,0,0
BRDA:1081,167,1,71
BRDA:1081,168,0,71
BRDA:1081,168,1,0
BRDA:1081,168,2,0
BRDA:1083,169,0,0
BRDA:1083,169,1,0
BRDA:1089,170,0,0
BRDA:1089,170,1,71
BRDA:1089,171,0,71
BRDA:1089,171,1,0
BRDA:1091,172,0,0
BRDA:1091,172,1,0
BRDA:1101,173,0,5
BRDA:1101,173,1,66
BRDA:1101,174,0,71
BRDA:1101,174,1,8
BRDA:1101,174,2,5
BRDA:1101,174,3,5
BRDA:1111,175,0,63
BRDA:1111,175,1,0
BRDA:1115,176,0,9
BRDA:1115,176,1,54
BRDA:1115,177,0,63
BRDA:1115,177,1,9
BRDA:1121,178,0,63
BRDA:1121,178,1,0
BRDA:1124,179,0,0
BRDA:1124,179,1,63
BRDA:1124,180,0,63
BRDA:1124,180,1,0
BRDA:1139,181,0,0
BRDA:1139,181,1,0
BRDA:1139,182,0,0
BRDA:1139,182,1,0
BRDA:1141,183,0,0
BRDA:1141,183,1,0
BRDA:1147,184,0,0
BRDA:1147,184,1,0
BRDA:1150,185,0,0
BRDA:1150,185,1,0
BRDA:1155,186,0,0
BRDA:1155,186,1,0
BRDA:1158,187,0,0
BRDA:1158,187,1,0
BRDA:1177,188,0,97
BRDA:1177,188,1,0
BRDA:1177,188,2,0
BRDA:1187,189,0,0
BRDA:1187,189,1,0
BRDA:1202,190,0,0
BRDA:1202,190,1,0
BRDA:1209,191,0,0
BRDA:1209,191,1,0
BRDA:1222,192,0,0
BRDA:1222,192,1,0
BRDA:1239,193,0,0
BRDA:1239,193,1,0
BRDA:1260,194,0,97
BRDA:1260,194,1,0
BRDA:1270,195,0,97
BRDA:1270,195,1,0
BRDA:1275,196,0,0
BRDA:1275,196,1,0
BRDA:1278,197,0,0
BRDA:1278,197,1,0
BRDA:1295,198,0,97
BRDA:1295,198,1,0
BRDA:1305,199,0,97
BRDA:1305,199,1,0
BRDA:1307,200,0,0
BRDA:1307,200,1,0
BRDA:1314,201,0,0
BRDA:1314,201,1,0
BRDA:1329,202,0,0
BRDA:1329,202,1,97
BRDA:1358,203,0,97
BRDA:1358,203,1,0
BRDA:1358,203,2,0
BRDA:1363,204,0,0
BRDA:1363,204,1,0
BRDA:1385,205,0,72
BRDA:1385,205,1,25
BRDA:1385,206,0,97
BRDA:1385,206,1,25
BRDA:1385,206,2,25
BRF:429
BRH:76
end_of_record
TN:
SF:src/components/chat/chat-layout.tsx
FN:22,ChatLayout
FN:23,(anonymous_1)
FN:24,(anonymous_2)
FN:25,(anonymous_3)
FN:26,(anonymous_4)
FN:28,(anonymous_5)
FN:34,(anonymous_6)
FN:38,(anonymous_7)
FN:39,(anonymous_8)
FN:45,(anonymous_9)
FN:53,(anonymous_10)
FN:57,(anonymous_11)
FN:67,(anonymous_12)
FN:71,(anonymous_13)
FN:79,(anonymous_14)
FN:101,(anonymous_15)
FN:102,(anonymous_16)
FN:104,(anonymous_17)
FN:108,(anonymous_18)
FN:119,(anonymous_19)
FN:120,(anonymous_20)
FN:134,(anonymous_21)
FN:154,(anonymous_22)
FN:170,(anonymous_23)
FNF:24
FNH:16
FNDA:4,ChatLayout
FNDA:4,(anonymous_1)
FNDA:4,(anonymous_2)
FNDA:4,(anonymous_3)
FNDA:4,(anonymous_4)
FNDA:4,(anonymous_5)
FNDA:4,(anonymous_6)
FNDA:0,(anonymous_7)
FNDA:0,(anonymous_8)
FNDA:0,(anonymous_9)
FNDA:4,(anonymous_10)
FNDA:4,(anonymous_11)
FNDA:0,(anonymous_12)
FNDA:4,(anonymous_13)
FNDA:4,(anonymous_14)
FNDA:4,(anonymous_15)
FNDA:0,(anonymous_16)
FNDA:4,(anonymous_17)
FNDA:4,(anonymous_18)
FNDA:4,(anonymous_19)
FNDA:0,(anonymous_20)
FNDA:4,(anonymous_21)
FNDA:0,(anonymous_22)
FNDA:0,(anonymous_23)
DA:20,1
DA:23,4
DA:24,4
DA:25,4
DA:26,4
DA:27,4
DA:28,4
DA:29,4
DA:30,4
DA:31,4
DA:34,4
DA:35,4
DA:36,4
DA:38,4
DA:39,0
DA:40,0
DA:41,0
DA:42,0
DA:45,4
DA:52,4
DA:53,4
DA:54,4
DA:57,4
DA:58,4
DA:59,4
DA:60,4
DA:61,4
DA:62,4
DA:63,4
DA:64,4
DA:67,4
DA:68,0
DA:71,4
DA:72,4
DA:73,4
DA:74,4
DA:79,4
DA:80,4
DA:81,4
DA:82,4
DA:84,2
DA:85,2
DA:86,0
DA:87,0
DA:88,0
DA:90,2
DA:91,1
DA:93,1
DA:95,2
DA:101,4
DA:102,4
DA:103,4
DA:104,4
DA:108,4
DA:109,4
DA:110,4
DA:112,0
DA:114,0
DA:116,0
DA:119,4
DA:120,4
DA:121,0
DA:122,0
DA:124,0
DA:125,0
DA:126,0
DA:127,0
DA:128,0
DA:129,0
DA:130,0
DA:133,4
DA:134,4
DA:137,4
DA:154,0
DA:170,0
LF:75
LH:53
BRDA:35,0,0,0
BRDA:35,0,1,4
BRDA:41,1,0,0
BRDA:41,1,1,0
BRDA:54,2,0,4
BRDA:54,2,1,0
BRDA:82,3,0,2
BRDA:82,3,1,2
BRDA:85,4,0,0
BRDA:85,4,1,2
BRDA:90,5,0,1
BRDA:90,5,1,1
BRDA:110,6,0,4
BRDA:110,6,1,0
BRDA:112,7,0,0
BRDA:112,7,1,0
BRDA:112,8,0,0
BRDA:112,8,1,0
BRDA:112,8,2,0
BRDA:116,9,0,0
BRDA:116,9,1,0
BRDA:116,10,0,0
BRDA:116,10,1,0
BRDA:122,11,0,0
BRDA:122,11,1,0
BRDA:125,12,0,0
BRDA:125,12,1,0
BRDA:128,13,0,0
BRDA:128,13,1,0
BRDA:138,14,0,0
BRDA:138,14,1,4
BRDA:138,15,0,4
BRDA:138,15,1,4
BRDA:147,16,0,0
BRDA:147,16,1,4
BRDA:151,17,0,4
BRDA:151,17,1,4
BRDA:164,18,0,0
BRDA:164,18,1,4
BRDA:164,19,0,4
BRDA:164,19,1,4
BRDA:183,20,0,0
BRDA:183,20,1,4
BRDA:183,21,0,4
BRDA:183,21,1,4
BRF:45
BRH:20
end_of_record
TN:
SF:src/components/chat/commit-share-preview.tsx
FN:11,CommitSharePreview
FNF:1
FNH:0
FNDA:0,CommitSharePreview
DA:12,0
DA:14,0
LF:2
LH:0
BRDA:12,0,0,0
BRDA:12,0,1,0
BRDA:27,1,0,0
BRDA:27,1,1,0
BRF:4
BRH:0
end_of_record
TN:
SF:src/components/chat/community-settings.tsx
FN:115,CommunitySettingsSheet
FN:134,(anonymous_1)
FN:175,(anonymous_2)
FN:180,(anonymous_3)
FN:202,(anonymous_4)
FN:216,(anonymous_5)
FN:220,(anonymous_6)
FN:221,(anonymous_7)
FN:225,(anonymous_8)
FN:233,(anonymous_9)
FN:245,(anonymous_10)
FN:249,(anonymous_11)
FN:256,(anonymous_12)
FN:270,(anonymous_13)
FN:278,(anonymous_14)
FN:296,(anonymous_15)
FN:308,(anonymous_16)
FN:314,(anonymous_17)
FN:336,(anonymous_18)
FN:349,(anonymous_19)
FN:363,(anonymous_20)
FN:369,(anonymous_21)
FN:370,(anonymous_22)
FN:378,(anonymous_23)
FN:382,(anonymous_24)
FN:382,(anonymous_25)
FN:389,(anonymous_26)
FN:395,(anonymous_27)
FN:395,(anonymous_28)
FN:403,(anonymous_29)
FN:412,(anonymous_30)
FN:431,(anonymous_31)
FN:436,(anonymous_32)
FN:450,(anonymous_33)
FN:459,(anonymous_34)
FN:464,(anonymous_35)
FN:467,(anonymous_36)
FN:467,(anonymous_37)
FN:473,(anonymous_38)
FN:476,(anonymous_39)
FN:480,(anonymous_40)
FN:491,(anonymous_41)
FN:511,(anonymous_42)
FN:514,(anonymous_43)
FN:522,(anonymous_44)
FN:526,(anonymous_45)
FN:551,(anonymous_46)
FN:555,(anonymous_47)
FN:576,(anonymous_48)
FN:586,(anonymous_49)
FN:630,(anonymous_50)
FN:634,(anonymous_51)
FN:646,(anonymous_52)
FN:646,(anonymous_53)
FN:656,(anonymous_54)
FN:696,(anonymous_55)
FN:718,(anonymous_56)
FN:728,(anonymous_57)
FN:736,(anonymous_58)
FN:758,(anonymous_59)
FN:765,(anonymous_60)
FN:894,(anonymous_61)
FN:925,(anonymous_62)
FN:939,(anonymous_63)
FN:958,(anonymous_64)
FN:988,(anonymous_65)
FN:989,(anonymous_66)
FN:995,(anonymous_67)
FN:1034,HiddenUsersTab
FN:1039,(anonymous_69)
FN:1043,(anonymous_70)
FN:1044,(anonymous_71)
FN:1045,(anonymous_72)
FN:1048,(anonymous_73)
FN:1051,(anonymous_74)
FN:1051,(anonymous_75)
FN:1053,(anonymous_76)
FN:1056,(anonymous_77)
FN:1072,(anonymous_78)
FN:1081,(anonymous_79)
FNF:80
FNH:9
FNDA:35,CommunitySettingsSheet
FNDA:19,(anonymous_1)
FNDA:15,(anonymous_2)
FNDA:18,(anonymous_3)
FNDA:17,(anonymous_4)
FNDA:35,(anonymous_5)
FNDA:0,(anonymous_6)
FNDA:0,(anonymous_7)
FNDA:19,(anonymous_8)
FNDA:0,(anonymous_9)
FNDA:0,(anonymous_10)
FNDA:0,(anonymous_11)
FNDA:0,(anonymous_12)
FNDA:0,(anonymous_13)
FNDA:0,(anonymous_14)
FNDA:0,(anonymous_15)
FNDA:0,(anonymous_16)
FNDA:0,(anonymous_17)
FNDA:0,(anonymous_18)
FNDA:0,(anonymous_19)
FNDA:0,(anonymous_20)
FNDA:0,(anonymous_21)
FNDA:0,(anonymous_22)
FNDA:0,(anonymous_23)
FNDA:0,(anonymous_24)
FNDA:0,(anonymous_25)
FNDA:0,(anonymous_26)
FNDA:0,(anonymous_27)
FNDA:0,(anonymous_28)
FNDA:0,(anonymous_29)
FNDA:0,(anonymous_30)
FNDA:0,(anonymous_31)
FNDA:0,(anonymous_32)
FNDA:0,(anonymous_33)
FNDA:0,(anonymous_34)
FNDA:0,(anonymous_35)
FNDA:0,(anonymous_36)
FNDA:0,(anonymous_37)
FNDA:0,(anonymous_38)
FNDA:0,(anonymous_39)
FNDA:0,(anonymous_40)
FNDA:0,(anonymous_41)
FNDA:210,(anonymous_42)
FNDA:0,(anonymous_43)
FNDA:170,(anonymous_44)
FNDA:0,(anonymous_45)
FNDA:0,(anonymous_46)
FNDA:0,(anonymous_47)
FNDA:0,(anonymous_48)
FNDA:0,(anonymous_49)
FNDA:0,(anonymous_50)
FNDA:0,(anonymous_51)
FNDA:0,(anonymous_52)
FNDA:0,(anonymous_53)
FNDA:0,(anonymous_54)
FNDA:0,(anonymous_55)
FNDA:0,(anonymous_56)
FNDA:0,(anonymous_57)
FNDA:0,(anonymous_58)
FNDA:0,(anonymous_59)
FNDA:0,(anonymous_60)
FNDA:0,(anonymous_61)
FNDA:0,(anonymous_62)
FNDA:0,(anonymous_63)
FNDA:0,(anonymous_64)
FNDA:0,(anonymous_65)
FNDA:0,(anonymous_66)
FNDA:0,(anonymous_67)
FNDA:0,HiddenUsersTab
FNDA:0,(anonymous_69)
FNDA:0,(anonymous_70)
FNDA:0,(anonymous_71)
FNDA:0,(anonymous_72)
FNDA:0,(anonymous_73)
FNDA:0,(anonymous_74)
FNDA:0,(anonymous_75)
FNDA:0,(anonymous_76)
FNDA:0,(anonymous_77)
FNDA:0,(anonymous_78)
FNDA:0,(anonymous_79)
DA:122,35
DA:123,35
DA:124,35
DA:126,35
DA:127,35
DA:128,35
DA:129,35
DA:130,35
DA:131,35
DA:134,35
DA:135,19
DA:139,35
DA:140,35
DA:141,35
DA:142,35
DA:143,35
DA:144,35
DA:145,35
DA:148,35
DA:149,35
DA:150,35
DA:151,35
DA:152,35
DA:155,35
DA:158,35
DA:159,35
DA:162,35
DA:163,35
DA:164,35
DA:165,35
DA:166,35
DA:167,35
DA:168,35
DA:171,35
DA:172,35
DA:173,35
DA:175,35
DA:176,35
DA:177,35
DA:178,35
DA:180,35
DA:181,18
DA:182,18
DA:183,18
DA:184,18
DA:188,17
DA:189,17
DA:190,17
DA:191,17
DA:192,17
DA:193,17
DA:194,17
DA:195,17
DA:196,17
DA:197,17
DA:198,17
DA:199,17
DA:202,17
DA:203,17
DA:204,17
DA:205,17
DA:206,17
DA:211,17
DA:216,35
DA:217,35
DA:218,15
DA:219,0
DA:220,0
DA:225,35
DA:226,19
DA:227,18
DA:228,18
DA:233,35
DA:234,0
DA:235,0
DA:236,0
DA:237,0
DA:245,0
DA:248,0
DA:249,0
DA:251,0
DA:256,35
DA:257,0
DA:258,0
DA:259,0
DA:260,0
DA:269,0
DA:270,0
DA:272,0
DA:277,35
DA:279,0
DA:280,0
DA:281,0
DA:282,0
DA:289,0
DA:296,35
DA:297,0
DA:298,0
DA:299,0
DA:300,0
DA:307,0
DA:308,0
DA:310,0
DA:314,35
DA:315,0
DA:316,0
DA:317,0
DA:318,0
DA:319,0
DA:320,0
DA:321,0
DA:326,0
DA:327,0
DA:328,0
DA:332,0
DA:336,35
DA:337,0
DA:338,0
DA:339,0
DA:340,0
DA:341,0
DA:342,0
DA:343,0
DA:348,0
DA:349,0
DA:350,0
DA:352,0
DA:353,0
DA:355,0
DA:357,0
DA:362,35
DA:364,0
DA:365,0
DA:369,0
DA:370,0
DA:377,35
DA:379,0
DA:380,0
DA:381,0
DA:382,0
DA:388,35
DA:390,0
DA:391,0
DA:395,0
DA:396,0
DA:403,35
DA:404,0
DA:405,0
DA:406,0
DA:407,0
DA:408,0
DA:412,35
DA:413,0
DA:414,0
DA:415,0
DA:416,0
DA:419,0
DA:420,0
DA:421,0
DA:422,0
DA:425,0
DA:426,0
DA:427,0
DA:428,0
DA:430,0
DA:431,0
DA:435,35
DA:437,0
DA:438,0
DA:439,0
DA:443,0
DA:450,35
DA:451,0
DA:452,0
DA:459,0
DA:463,35
DA:465,0
DA:466,0
DA:467,0
DA:473,35
DA:474,0
DA:475,0
DA:476,0
DA:480,35
DA:481,0
DA:483,0
DA:485,0
DA:487,0
DA:491,35
DA:492,0
DA:494,0
DA:496,0
DA:498,0
DA:502,35
DA:511,210
DA:513,35
DA:514,0
DA:523,170
DA:526,0
DA:551,0
DA:555,0
DA:576,0
DA:587,0
DA:588,0
DA:589,0
DA:631,0
DA:635,0
DA:636,0
DA:637,0
DA:646,0
DA:656,0
DA:696,0
DA:718,0
DA:729,0
DA:730,0
DA:731,0
DA:736,0
DA:759,0
DA:760,0
DA:761,0
DA:765,0
DA:894,0
DA:926,0
DA:927,0
DA:928,0
DA:929,0
DA:939,0
DA:958,0
DA:988,0
DA:990,0
DA:995,0
DA:1035,0
DA:1036,0
DA:1037,0
DA:1039,0
DA:1040,0
DA:1043,0
DA:1045,0
DA:1048,0
DA:1049,0
DA:1050,0
DA:1051,0
DA:1053,0
DA:1056,0
DA:1062,0
DA:1063,0
DA:1066,0
DA:1067,0
DA:1070,0
DA:1073,0
DA:1081,0
LF:251
LH:91
BRDA:131,0,0,35
BRDA:131,0,1,33
BRDA:135,1,0,18
BRDA:135,1,1,1
BRDA:135,2,0,18
BRDA:135,2,1,17
BRDA:175,3,0,35
BRDA:175,3,1,20
BRDA:178,4,0,35
BRDA:178,4,1,20
BRDA:181,5,0,0
BRDA:181,5,1,18
BRDA:191,6,0,17
BRDA:191,6,1,0
BRDA:192,7,0,17
BRDA:192,7,1,17
BRDA:195,8,0,17
BRDA:195,8,1,17
BRDA:203,9,0,17
BRDA:203,9,1,0
BRDA:205,10,0,17
BRDA:205,10,1,17
BRDA:206,11,0,17
BRDA:206,11,1,17
BRDA:217,12,0,20
BRDA:217,12,1,15
BRDA:217,13,0,35
BRDA:217,13,1,34
BRDA:218,14,0,0
BRDA:218,14,1,15
BRDA:220,15,0,0
BRDA:220,15,1,0
BRDA:226,16,0,18
BRDA:226,16,1,1
BRDA:234,17,0,0
BRDA:234,17,1,0
BRDA:241,18,0,0
BRDA:241,18,1,0
BRDA:242,19,0,0
BRDA:242,19,1,0
BRDA:257,20,0,0
BRDA:257,20,1,0
BRDA:297,21,0,0
BRDA:297,21,1,0
BRDA:297,22,0,0
BRDA:297,22,1,0
BRDA:304,23,0,0
BRDA:304,23,1,0
BRDA:315,24,0,0
BRDA:315,24,1,0
BRDA:326,25,0,0
BRDA:326,25,1,0
BRDA:337,26,0,0
BRDA:337,26,1,0
BRDA:348,27,0,0
BRDA:348,27,1,0
BRDA:355,28,0,0
BRDA:355,28,1,0
BRDA:370,29,0,0
BRDA:370,29,1,0
BRDA:370,30,0,0
BRDA:370,30,1,0
BRDA:379,31,0,0
BRDA:379,31,1,0
BRDA:396,32,0,0
BRDA:396,32,1,0
BRDA:404,33,0,0
BRDA:404,33,1,0
BRDA:413,34,0,0
BRDA:413,34,1,0
BRDA:420,35,0,0
BRDA:420,35,1,0
BRDA:437,36,0,0
BRDA:437,36,1,0
BRDA:455,37,0,0
BRDA:455,37,1,0
BRDA:456,38,0,0
BRDA:456,38,1,0
BRDA:481,39,0,0
BRDA:481,39,1,0
BRDA:481,39,2,0
BRDA:492,40,0,0
BRDA:492,40,1,0
BRDA:492,40,2,0
BRDA:511,41,0,210
BRDA:511,41,1,70
BRDA:514,42,0,0
BRDA:514,42,1,0
BRDA:528,43,0,35
BRDA:528,43,1,135
BRDA:540,44,0,20
BRDA:540,44,1,15
BRDA:547,45,0,15
BRDA:547,45,1,15
BRDA:560,46,0,0
BRDA:560,46,1,15
BRDA:568,47,0,15
BRDA:568,47,1,15
BRDA:578,48,0,0
BRDA:578,48,1,15
BRDA:588,49,0,0
BRDA:588,49,1,0
BRDA:597,50,0,15
BRDA:597,50,1,15
BRDA:603,51,0,0
BRDA:603,51,1,15
BRDA:607,52,0,0
BRDA:607,52,1,15
BRDA:627,53,0,15
BRDA:627,53,1,0
BRDA:652,54,0,0
BRDA:652,54,1,0
BRDA:668,55,0,15
BRDA:668,55,1,15
BRDA:670,56,0,0
BRDA:670,56,1,15
BRDA:672,57,0,0
BRDA:672,57,1,15
BRDA:683,58,0,15
BRDA:683,58,1,0
BRDA:704,59,0,0
BRDA:704,59,1,0
BRDA:720,60,0,0
BRDA:720,60,1,0
BRDA:730,61,0,0
BRDA:730,61,1,0
BRDA:743,62,0,0
BRDA:743,62,1,0
BRDA:745,63,0,0
BRDA:745,63,1,0
BRDA:747,64,0,0
BRDA:747,64,1,0
BRDA:768,65,0,0
BRDA:768,65,1,0
BRDA:771,66,0,0
BRDA:771,66,1,0
BRDA:776,67,0,0
BRDA:776,67,1,0
BRDA:785,68,0,0
BRDA:785,68,1,0
BRDA:800,69,0,15
BRDA:800,69,1,0
BRDA:800,69,2,0
BRDA:851,70,0,0
BRDA:851,70,1,0
BRDA:872,71,0,0
BRDA:872,71,1,0
BRDA:874,72,0,0
BRDA:874,72,1,0
BRDA:882,73,0,15
BRDA:882,73,1,0
BRDA:882,73,2,0
BRDA:921,74,0,0
BRDA:921,74,1,0
BRDA:926,75,0,0
BRDA:926,75,1,0
BRDA:927,76,0,0
BRDA:927,76,1,0
BRDA:928,77,0,0
BRDA:928,77,1,0
BRDA:932,78,0,0
BRDA:932,78,1,0
BRDA:942,79,0,0
BRDA:942,79,1,0
BRDA:950,80,0,0
BRDA:950,80,1,0
BRDA:951,81,0,0
BRDA:951,81,1,0
BRDA:951,82,0,0
BRDA:951,82,1,0
BRDA:971,83,0,15
BRDA:971,83,1,0
BRDA:976,84,0,15
BRDA:976,84,1,0
BRDA:980,85,0,0
BRDA:980,85,1,0
BRDA:1018,86,0,0
BRDA:1018,86,1,0
BRDA:1056,87,0,0
BRDA:1056,87,1,0
BRDA:1062,88,0,0
BRDA:1062,88,1,0
BRDA:1066,89,0,0
BRDA:1066,89,1,0
BRDA:1076,90,0,0
BRDA:1076,90,1,0
BRDA:1077,91,0,0
BRDA:1077,91,1,0
BRDA:1079,92,0,0
BRDA:1079,92,1,0
BRF:190
BRH:54
end_of_record
TN:
SF:src/components/chat/connection-banner.tsx
FN:8,ConnectionBanner
FN:12,(anonymous_1)
FNF:2
FNH:2
FNDA:9,ConnectionBanner
FNDA:6,(anonymous_1)
DA:9,9
DA:10,9
DA:12,9
DA:13,6
DA:16,9
DA:18,5
LF:6
LH:6
BRDA:16,0,0,4
BRDA:16,0,1,5
BRDA:20,1,0,2
BRDA:20,1,1,3
BRF:4
BRH:4
end_of_record
TN:
SF:src/components/chat/conversation-item.tsx
FN:39,subscribeHover
FN:41,(anonymous_1)
FN:43,getHoverSnapshot
FN:44,getHoverServerSnapshot
FN:74,formatTime
FN:90,truncate
FN:95,ConversationItem
FN:120,(anonymous_7)
FN:125,(anonymous_8)
FN:135,(anonymous_9)
FN:141,(anonymous_10)
FN:170,(anonymous_11)
FN:177,(anonymous_12)
FN:210,(anonymous_13)
FN:227,(anonymous_14)
FN:229,(anonymous_15)
FN:236,(anonymous_16)
FN:245,(anonymous_17)
FN:257,(anonymous_18)
FN:326,(anonymous_19)
FN:350,(anonymous_20)
FN:362,(anonymous_21)
FN:381,(anonymous_22)
FN:470,(anonymous_23)
FN:497,(anonymous_24)
FN:504,(anonymous_25)
FN:514,(anonymous_26)
FN:534,(anonymous_27)
FN:547,(anonymous_28)
FN:570,(anonymous_29)
FN:578,(anonymous_30)
FN:592,(anonymous_31)
FN:600,(anonymous_32)
FN:623,(anonymous_33)
FNF:34
FNH:11
FNDA:28,subscribeHover
FNDA:28,(anonymous_1)
FNDA:84,getHoverSnapshot
FNDA:0,getHoverServerSnapshot
FNDA:24,formatTime
FNDA:3,truncate
FNDA:28,ConversationItem
FNDA:28,(anonymous_7)
FNDA:3,(anonymous_8)
FNDA:2,(anonymous_9)
FNDA:1,(anonymous_10)
FNDA:0,(anonymous_11)
FNDA:0,(anonymous_12)
FNDA:0,(anonymous_13)
FNDA:0,(anonymous_14)
FNDA:28,(anonymous_15)
FNDA:0,(anonymous_16)
FNDA:0,(anonymous_17)
FNDA:0,(anonymous_18)
FNDA:0,(anonymous_19)
FNDA:0,(anonymous_20)
FNDA:0,(anonymous_21)
FNDA:0,(anonymous_22)
FNDA:0,(anonymous_23)
FNDA:0,(anonymous_24)
FNDA:0,(anonymous_25)
FNDA:0,(anonymous_26)
FNDA:0,(anonymous_27)
FNDA:0,(anonymous_28)
FNDA:0,(anonymous_29)
FNDA:0,(anonymous_30)
FNDA:0,(anonymous_31)
FNDA:0,(anonymous_32)
FNDA:0,(anonymous_33)
DA:38,1
DA:40,28
DA:41,28
DA:43,84
DA:44,0
DA:46,1
DA:47,1
DA:48,1
DA:75,24
DA:76,24
DA:77,24
DA:78,24
DA:80,24
DA:81,24
DA:83,0
DA:84,0
DA:85,0
DA:87,0
DA:91,3
DA:92,1
DA:118,28
DA:119,28
DA:120,28
DA:121,28
DA:122,6
DA:123,1
DA:125,5
DA:126,3
DA:128,5
DA:129,1
DA:130,1
DA:131,1
DA:132,1
DA:133,1
DA:135,4
DA:136,2
DA:138,4
DA:139,1
DA:141,3
DA:142,1
DA:144,3
DA:145,1
DA:148,2
DA:149,2
DA:150,0
DA:152,2
DA:153,0
DA:155,2
DA:158,28
DA:159,28
DA:160,28
DA:161,28
DA:162,28
DA:165,28
DA:166,28
DA:167,28
DA:168,28
DA:170,28
DA:171,0
DA:172,0
DA:173,0
DA:174,0
DA:177,28
DA:178,0
DA:179,0
DA:180,0
DA:181,0
DA:184,0
DA:185,0
DA:186,0
DA:189,0
DA:190,0
DA:193,0
DA:194,0
DA:196,0
DA:198,0
DA:199,0
DA:201,0
DA:204,0
DA:206,0
DA:210,28
DA:211,0
DA:212,0
DA:213,0
DA:216,0
DA:217,0
DA:218,0
DA:219,0
DA:221,0
DA:223,0
DA:224,0
DA:227,28
DA:229,28
DA:230,28
DA:231,0
DA:232,0
DA:236,28
DA:237,0
DA:238,0
DA:239,0
DA:241,0
DA:244,28
DA:246,0
DA:247,0
DA:248,0
DA:249,0
DA:250,0
DA:251,0
DA:257,28
DA:258,0
DA:259,0
DA:262,28
DA:265,28
DA:266,4
DA:326,0
DA:341,24
DA:351,0
DA:352,0
DA:363,0
DA:364,0
DA:382,0
DA:383,0
DA:470,0
DA:497,0
DA:505,0
DA:506,0
DA:507,0
DA:515,0
DA:516,0
DA:535,0
DA:536,0
DA:548,0
DA:549,0
DA:561,24
DA:571,0
DA:572,0
DA:578,0
DA:592,0
DA:600,0
DA:623,0
LF:140
LH:64
BRDA:38,0,0,1
BRDA:38,0,1,0
BRDA:43,1,0,84
BRDA:43,1,1,0
BRDA:80,2,0,24
BRDA:80,2,1,0
BRDA:83,3,0,0
BRDA:83,3,1,0
BRDA:84,4,0,0
BRDA:84,4,1,0
BRDA:91,5,0,2
BRDA:91,5,1,1
BRDA:101,6,0,0
BRDA:107,7,0,22
BRDA:108,8,0,25
BRDA:109,9,0,27
BRDA:110,10,0,28
BRDA:114,11,0,26
BRDA:116,12,0,24
BRDA:121,13,0,22
BRDA:121,13,1,6
BRDA:122,14,0,1
BRDA:122,14,1,5
BRDA:128,15,0,1
BRDA:128,15,1,4
BRDA:129,16,0,1
BRDA:129,16,1,0
BRDA:138,17,0,1
BRDA:138,17,1,3
BRDA:142,18,0,1
BRDA:142,18,1,1
BRDA:144,19,0,1
BRDA:144,19,1,2
BRDA:149,20,0,0
BRDA:149,20,1,2
BRDA:149,21,0,2
BRDA:149,21,1,0
BRDA:150,22,0,0
BRDA:150,22,1,0
BRDA:152,23,0,0
BRDA:152,23,1,2
BRDA:152,24,0,2
BRDA:152,24,1,0
BRDA:153,25,0,0
BRDA:153,25,1,0
BRDA:159,26,0,28
BRDA:159,26,1,1
BRDA:178,27,0,0
BRDA:178,27,1,0
BRDA:184,28,0,0
BRDA:184,28,1,0
BRDA:184,29,0,0
BRDA:184,29,1,0
BRDA:189,30,0,0
BRDA:189,30,1,0
BRDA:193,31,0,0
BRDA:193,31,1,0
BRDA:196,32,0,0
BRDA:196,32,1,0
BRDA:199,33,0,0
BRDA:199,33,1,0
BRDA:211,34,0,0
BRDA:211,34,1,0
BRDA:216,35,0,0
BRDA:216,35,1,0
BRDA:218,36,0,0
BRDA:218,36,1,0
BRDA:230,37,0,0
BRDA:230,37,1,28
BRDA:230,38,0,28
BRDA:230,38,1,0
BRDA:238,39,0,0
BRDA:238,39,1,0
BRDA:238,40,0,0
BRDA:238,40,1,0
BRDA:238,41,0,0
BRDA:238,41,1,0
BRDA:246,42,0,0
BRDA:246,42,1,0
BRDA:249,43,0,0
BRDA:249,43,1,0
BRDA:251,44,0,0
BRDA:251,44,1,0
BRDA:265,45,0,4
BRDA:265,45,1,24
BRDA:272,46,0,0
BRDA:272,46,1,4
BRDA:279,47,0,0
BRDA:279,47,1,4
BRDA:282,48,0,0
BRDA:282,48,1,0
BRDA:282,48,2,0
BRDA:285,49,0,4
BRDA:285,49,1,0
BRDA:285,50,0,4
BRDA:285,50,1,4
BRDA:285,50,2,0
BRDA:293,51,0,0
BRDA:293,51,1,4
BRDA:300,52,0,4
BRDA:300,52,1,1
BRDA:303,53,0,4
BRDA:303,53,1,2
BRDA:305,54,0,1
BRDA:305,54,1,1
BRDA:310,55,0,4
BRDA:310,55,1,0
BRDA:355,56,0,1
BRDA:355,56,1,23
BRDA:356,57,0,1
BRDA:356,57,1,23
BRDA:358,58,0,24
BRDA:358,58,1,2
BRDA:367,59,0,1
BRDA:367,59,1,1
BRDA:368,60,0,1
BRDA:368,60,1,1
BRDA:395,61,0,24
BRDA:395,61,1,24
BRDA:396,62,0,24
BRDA:396,62,1,0
BRDA:396,62,2,0
BRDA:397,63,0,1
BRDA:397,63,1,23
BRDA:412,64,0,0
BRDA:412,64,1,24
BRDA:415,65,0,0
BRDA:415,65,1,0
BRDA:415,65,2,0
BRDA:418,66,0,24
BRDA:418,66,1,0
BRDA:418,67,0,24
BRDA:418,67,1,24
BRDA:418,67,2,0
BRDA:426,68,0,0
BRDA:426,68,1,24
BRDA:433,69,0,24
BRDA:433,69,1,1
BRDA:441,70,0,24
BRDA:441,70,1,1
BRDA:444,71,0,24
BRDA:444,71,1,1
BRDA:447,72,0,0
BRDA:447,72,1,24
BRDA:447,73,0,24
BRDA:447,73,1,1
BRDA:448,74,0,24
BRDA:448,74,1,24
BRDA:448,74,2,0
BRDA:449,75,0,24
BRDA:449,75,1,24
BRDA:449,75,2,0
BRDA:453,76,0,24
BRDA:453,76,1,24
BRDA:458,77,0,24
BRDA:458,77,1,3
BRDA:460,78,0,2
BRDA:460,78,1,1
BRDA:466,79,0,0
BRDA:466,79,1,24
BRDA:477,80,0,1
BRDA:477,80,1,23
BRDA:495,81,0,0
BRDA:495,81,1,24
BRDA:507,82,0,0
BRDA:507,82,1,0
BRDA:519,83,0,1
BRDA:519,83,1,23
BRDA:531,84,0,24
BRDA:531,84,1,2
BRDA:539,85,0,1
BRDA:539,85,1,1
BRDA:540,86,0,1
BRDA:540,86,1,1
BRDA:563,87,0,0
BRDA:563,87,1,24
BRDA:572,88,0,0
BRDA:572,88,1,0
BRDA:579,89,0,0
BRDA:579,89,1,0
BRDA:591,90,0,0
BRDA:591,90,1,0
BRDA:593,91,0,0
BRDA:593,91,1,0
BRDA:594,92,0,0
BRDA:594,92,1,0
BRF:186
BRH:99
end_of_record
TN:
SF:src/components/chat/forward-dialog.tsx
FN:17,ForwardDialog
FN:19,(anonymous_1)
FN:23,(anonymous_2)
FN:32,(anonymous_3)
FN:50,(anonymous_4)
FN:53,(anonymous_5)
FN:59,(anonymous_6)
FN:71,(anonymous_7)
FN:81,(anonymous_8)
FN:88,(anonymous_9)
FNF:10
FNH:2
FNDA:26,ForwardDialog
FNDA:26,(anonymous_1)
FNDA:0,(anonymous_2)
FNDA:0,(anonymous_3)
FNDA:0,(anonymous_4)
FNDA:0,(anonymous_5)
FNDA:0,(anonymous_6)
FNDA:0,(anonymous_7)
FNDA:0,(anonymous_8)
FNDA:0,(anonymous_9)
DA:18,26
DA:19,26
DA:20,26
DA:21,26
DA:23,26
DA:24,0
DA:25,0
DA:26,0
DA:32,26
DA:33,0
DA:34,0
DA:35,0
DA:39,0
DA:43,0
DA:47,26
DA:49,0
DA:50,0
DA:53,0
DA:59,0
DA:71,0
DA:82,0
DA:83,0
DA:88,0
LF:23
LH:7
BRDA:24,0,0,0
BRDA:24,0,1,0
BRDA:27,1,0,0
BRDA:27,1,1,0
BRDA:47,2,0,26
BRDA:47,2,1,0
BRDA:58,3,0,0
BRDA:58,3,1,0
BRDA:72,4,0,0
BRDA:72,4,1,0
BRDA:82,5,0,0
BRDA:82,5,1,0
BRDA:82,5,2,0
BRDA:98,6,0,0
BRDA:98,6,1,0
BRF:15
BRH:1
end_of_record
TN:
SF:src/components/chat/image-lightbox.tsx
FN:16,getTouchDistance
FN:21,ImageLightbox
FN:36,(anonymous_2)
FN:37,(anonymous_3)
FN:40,(anonymous_4)
FN:41,(anonymous_5)
FN:44,(anonymous_6)
FN:46,(anonymous_7)
FN:52,(anonymous_8)
FN:56,(anonymous_9)
FN:63,(anonymous_10)
FN:78,(anonymous_11)
FN:87,(anonymous_12)
FN:107,(anonymous_13)
FN:111,(anonymous_14)
FN:123,(anonymous_15)
FN:139,(anonymous_16)
FN:140,(anonymous_17)
FN:149,(anonymous_18)
FN:158,(anonymous_19)
FN:168,(anonymous_20)
FN:187,(anonymous_21)
FNF:22
FNH:3
FNDA:0,getTouchDistance
FNDA:3,ImageLightbox
FNDA:0,(anonymous_2)
FNDA:0,(anonymous_3)
FNDA:0,(anonymous_4)
FNDA:0,(anonymous_5)
FNDA:3,(anonymous_6)
FNDA:0,(anonymous_7)
FNDA:0,(anonymous_8)
FNDA:3,(anonymous_9)
FNDA:0,(anonymous_10)
FNDA:0,(anonymous_11)
FNDA:0,(anonymous_12)
FNDA:0,(anonymous_13)
FNDA:0,(anonymous_14)
FNDA:0,(anonymous_15)
FNDA:0,(anonymous_16)
FNDA:0,(anonymous_17)
FNDA:0,(anonymous_18)
FNDA:0,(anonymous_19)
FNDA:0,(anonymous_20)
FNDA:0,(anonymous_21)
DA:17,0
DA:18,0
DA:22,3
DA:23,3
DA:24,3
DA:25,3
DA:26,3
DA:27,3
DA:29,3
DA:30,3
DA:31,3
DA:33,3
DA:34,3
DA:36,3
DA:37,0
DA:40,3
DA:41,0
DA:44,3
DA:45,3
DA:46,0
DA:47,0
DA:48,0
DA:49,0
DA:51,0
DA:52,0
DA:56,3
DA:57,3
DA:58,0
DA:59,0
DA:63,3
DA:66,0
DA:67,0
DA:69,0
DA:70,0
DA:71,0
DA:72,0
DA:73,0
DA:74,0
DA:78,3
DA:79,0
DA:80,0
DA:81,0
DA:82,0
DA:83,0
DA:87,3
DA:88,0
DA:89,0
DA:90,0
DA:92,0
DA:93,0
DA:94,0
DA:95,0
DA:96,0
DA:99,0
DA:100,0
DA:101,0
DA:106,3
DA:107,3
DA:108,0
DA:109,0
DA:110,0
DA:111,0
DA:113,0
DA:116,3
DA:123,0
DA:139,0
DA:140,0
DA:149,0
DA:158,0
DA:168,0
DA:187,0
LF:71
LH:23
BRDA:23,0,0,3
BRDA:23,0,1,0
BRDA:29,1,0,2
BRDA:29,1,1,1
BRDA:29,2,0,3
BRDA:29,2,1,2
BRDA:30,3,0,2
BRDA:30,3,1,1
BRDA:30,4,0,2
BRDA:30,4,1,0
BRDA:31,5,0,2
BRDA:31,5,1,1
BRDA:31,6,0,2
BRDA:31,6,1,0
BRDA:33,7,0,2
BRDA:33,7,1,1
BRDA:34,8,0,2
BRDA:34,8,1,1
BRDA:37,9,0,0
BRDA:37,9,1,0
BRDA:41,10,0,0
BRDA:41,10,1,0
BRDA:45,11,0,3
BRDA:45,11,1,0
BRDA:47,12,0,0
BRDA:47,12,1,0
BRDA:48,13,0,0
BRDA:48,13,1,0
BRDA:49,14,0,0
BRDA:49,14,1,0
BRDA:57,15,0,0
BRDA:57,15,1,3
BRDA:58,16,0,0
BRDA:58,16,1,0
BRDA:67,17,0,0
BRDA:67,17,1,0
BRDA:72,18,0,0
BRDA:72,18,1,0
BRDA:79,19,0,0
BRDA:79,19,1,0
BRDA:79,20,0,0
BRDA:79,20,1,0
BRDA:88,21,0,0
BRDA:88,21,1,0
BRDA:92,22,0,0
BRDA:92,22,1,0
BRDA:99,23,0,0
BRDA:99,23,1,0
BRDA:99,24,0,0
BRDA:99,24,1,0
BRDA:99,24,2,0
BRDA:100,25,0,0
BRDA:100,25,1,0
BRDA:110,26,0,0
BRDA:110,26,1,0
BRDA:111,27,0,0
BRDA:111,27,1,0
BRDA:121,28,0,3
BRDA:121,28,1,0
BRDA:122,29,0,3
BRDA:122,29,1,0
BRDA:125,30,0,3
BRDA:125,30,1,0
BRDA:140,31,0,0
BRDA:140,31,1,0
BRDA:155,32,0,0
BRDA:155,32,1,0
BRDA:155,32,2,0
BRDA:165,33,0,0
BRDA:165,33,1,0
BRDA:165,33,2,0
BRDA:178,34,0,0
BRDA:178,34,1,0
BRDA:182,35,0,0
BRDA:182,35,1,0
BRDA:193,36,0,0
BRDA:193,36,1,0
BRF:77
BRH:20
end_of_record
TN:
SF:src/components/chat/link-preview-card.tsx
FN:10,LinkPreviewCards
FN:15,(anonymous_1)
FN:22,LinkPreviewCard
FN:50,(anonymous_3)
FNF:4
FNH:0
FNDA:0,LinkPreviewCards
FNDA:0,(anonymous_1)
FNDA:0,LinkPreviewCard
FNDA:0,(anonymous_3)
DA:11,0
DA:13,0
DA:16,0
DA:23,0
DA:51,0
LF:5
LH:0
BRDA:11,0,0,0
BRDA:11,0,1,0
BRDA:30,1,0,0
BRDA:30,1,1,0
BRDA:43,2,0,0
BRDA:43,2,1,0
BRDA:55,3,0,0
BRDA:55,3,1,0
BRDA:58,4,0,0
BRDA:58,4,1,0
BRDA:63,5,0,0
BRDA:63,5,1,0
BRF:12
BRH:0
end_of_record
TN:
SF:src/components/chat/markdown-content.tsx
FN:34,CodeBlockCopyButton
FN:37,(anonymous_1)
FN:41,(anonymous_2)
FN:62,extractTextFromChildren
FN:77,extractLanguageFromChildren
FN:104,preprocessMarkdown
FN:171,isTableRow
FN:179,isTableDelimiterRow
FN:182,(anonymous_8)
FN:191,stripBreaksFromNode
FN:193,(anonymous_10)
FN:197,findTables
FN:201,remarkStripTableBreaks
FN:203,(anonymous_13)
FN:214,(anonymous_14)
FN:219,(anonymous_15)
FN:226,(anonymous_16)
FN:229,(anonymous_17)
FN:232,(anonymous_18)
FN:235,(anonymous_19)
FN:260,MarkdownContent
FN:264,(anonymous_21)
FN:292,(anonymous_22)
FN:296,(anonymous_23)
FN:307,(anonymous_24)
FN:311,(anonymous_25)
FN:345,(anonymous_26)
FN:348,(anonymous_27)
FNF:28
FNH:19
FNDA:1,CodeBlockCopyButton
FNDA:0,(anonymous_1)
FNDA:0,(anonymous_2)
FNDA:2,extractTextFromChildren
FNDA:1,extractLanguageFromChildren
FNDA:20,preprocessMarkdown
FNDA:0,isTableRow
FNDA:9,isTableDelimiterRow
FNDA:18,(anonymous_8)
FNDA:44,stripBreaksFromNode
FNDA:40,(anonymous_10)
FNDA:46,findTables
FNDA:12,remarkStripTableBreaks
FNDA:12,(anonymous_13)
FNDA:0,(anonymous_14)
FNDA:4,(anonymous_15)
FNDA:4,(anonymous_16)
FNDA:8,(anonymous_17)
FNDA:8,(anonymous_18)
FNDA:1,(anonymous_19)
FNDA:12,MarkdownContent
FNDA:12,(anonymous_21)
FNDA:0,(anonymous_22)
FNDA:0,(anonymous_23)
FNDA:12,(anonymous_24)
FNDA:0,(anonymous_25)
FNDA:0,(anonymous_26)
FNDA:0,(anonymous_27)
DA:15,1
DA:35,1
DA:37,1
DA:38,0
DA:39,0
DA:40,0
DA:41,0
DA:47,1
DA:63,2
DA:64,1
DA:65,1
DA:66,1
DA:67,1
DA:69,0
DA:78,1
DA:79,1
DA:80,1
DA:81,1
DA:82,1
DA:84,0
DA:87,1
DA:106,20
DA:110,20
DA:111,20
DA:112,20
DA:113,20
DA:114,20
DA:115,20
DA:116,57
DA:118,57
DA:119,4
DA:121,57
DA:122,5
DA:123,5
DA:124,5
DA:128,52
DA:136,8
DA:137,8
DA:138,5
DA:140,8
DA:141,8
DA:148,52
DA:150,0
DA:151,0
DA:152,0
DA:154,0
DA:157,0
DA:161,52
DA:162,2
DA:165,52
DA:167,20
DA:172,0
DA:173,0
DA:174,0
DA:175,0
DA:180,9
DA:181,9
DA:182,18
DA:192,44
DA:193,40
DA:194,40
DA:198,46
DA:199,42
DA:203,12
DA:207,1
DA:209,1
DA:213,1
DA:215,0
DA:216,0
DA:217,0
DA:220,4
DA:227,4
DA:230,8
DA:233,8
DA:236,1
DA:237,1
DA:238,1
DA:239,1
DA:242,1
DA:248,1
DA:249,0
DA:256,1
DA:261,12
DA:264,12
DA:265,12
DA:266,12
DA:268,0
DA:269,0
DA:270,0
DA:272,0
DA:273,0
DA:274,0
DA:275,0
DA:276,0
DA:277,0
DA:282,0
DA:283,0
DA:284,0
DA:285,0
DA:286,0
DA:287,0
DA:288,0
DA:289,0
DA:292,0
DA:294,0
DA:295,0
DA:296,0
DA:297,0
DA:298,0
DA:299,0
DA:300,0
DA:307,12
DA:308,12
DA:309,12
DA:311,0
DA:312,0
DA:314,0
DA:315,0
DA:316,0
DA:318,0
DA:319,0
DA:320,0
DA:321,0
DA:322,0
DA:323,0
DA:324,0
DA:325,0
DA:330,0
DA:334,0
DA:335,0
DA:336,0
DA:337,0
DA:338,0
DA:339,0
DA:340,0
DA:341,0
DA:342,0
DA:345,0
DA:346,0
DA:347,0
DA:348,0
DA:349,0
DA:350,0
DA:351,0
DA:355,0
DA:361,12
LF:146
LH:71
BRDA:19,0,0,1
BRDA:19,0,1,0
BRDA:20,1,0,1
BRDA:20,1,1,1
BRDA:21,2,0,1
BRDA:21,2,1,1
BRDA:22,3,0,1
BRDA:22,3,1,0
BRDA:53,4,0,0
BRDA:53,4,1,1
BRDA:63,5,0,1
BRDA:63,5,1,1
BRDA:64,6,0,0
BRDA:64,6,1,1
BRDA:65,7,0,0
BRDA:65,7,1,1
BRDA:66,8,0,1
BRDA:66,8,1,0
BRDA:66,9,0,1
BRDA:66,9,1,1
BRDA:66,9,2,1
BRDA:78,10,0,1
BRDA:78,10,1,0
BRDA:78,11,0,1
BRDA:78,11,1,1
BRDA:78,11,2,1
BRDA:80,12,0,1
BRDA:80,12,1,1
BRDA:82,13,0,0
BRDA:82,13,1,1
BRDA:118,14,0,4
BRDA:118,14,1,53
BRDA:121,15,0,5
BRDA:121,15,1,52
BRDA:128,16,0,8
BRDA:128,16,1,44
BRDA:129,17,0,52
BRDA:129,17,1,34
BRDA:129,17,2,9
BRDA:129,17,3,9
BRDA:129,17,4,8
BRDA:137,18,0,5
BRDA:137,18,1,3
BRDA:137,19,0,8
BRDA:137,19,1,6
BRDA:148,20,0,0
BRDA:148,20,1,52
BRDA:148,21,0,52
BRDA:148,21,1,16
BRDA:151,22,0,0
BRDA:151,22,1,0
BRDA:152,23,0,0
BRDA:152,23,1,0
BRDA:152,24,0,0
BRDA:152,24,1,0
BRDA:161,25,0,2
BRDA:161,25,1,50
BRDA:161,26,0,52
BRDA:161,26,1,16
BRDA:161,26,2,16
BRDA:173,27,0,0
BRDA:173,27,1,0
BRDA:182,28,0,9
BRDA:182,28,1,9
BRDA:192,29,0,16
BRDA:192,29,1,28
BRDA:198,30,0,4
BRDA:198,30,1,42
BRDA:199,31,0,24
BRDA:199,31,1,18
BRDA:215,32,0,0
BRDA:215,32,1,0
BRDA:216,33,0,0
BRDA:216,33,1,0
BRDA:217,34,0,0
BRDA:217,34,1,0
BRDA:239,35,0,1
BRDA:239,35,1,0
BRDA:244,36,0,1
BRDA:244,36,1,1
BRDA:248,37,0,0
BRDA:248,37,1,1
BRDA:248,38,0,1
BRDA:248,38,1,0
BRDA:266,39,0,12
BRDA:266,39,1,0
BRDA:266,40,0,12
BRDA:266,40,1,0
BRDA:266,40,2,0
BRDA:273,41,0,0
BRDA:273,41,1,0
BRDA:294,42,0,0
BRDA:294,42,1,0
BRDA:298,43,0,0
BRDA:298,43,1,0
BRDA:299,44,0,0
BRDA:299,44,1,0
BRDA:309,45,0,12
BRDA:309,45,1,0
BRDA:309,46,0,12
BRDA:309,46,1,12
BRDA:309,46,2,0
BRDA:319,47,0,0
BRDA:319,47,1,0
BRDA:324,48,0,0
BRDA:324,48,1,0
BRDA:324,49,0,0
BRDA:324,49,1,0
BRDA:346,50,0,0
BRDA:346,50,1,0
BRDA:350,51,0,0
BRDA:350,51,1,0
BRDA:352,52,0,0
BRDA:352,52,1,0
BRF:114
BRH:63
end_of_record
TN:
SF:src/components/chat/message-bubble.tsx
FN:10,(anonymous_0)
FN:10,(anonymous_1)
FN:11,(anonymous_2)
FN:64,formatTimestamp
FN:81,normalizeUrlForCompare
FN:105,stripAttachmentMarkdown
FN:109,(anonymous_6)
FN:121,computeAnonHash
FN:127,(anonymous_8)
FN:132,(anonymous_9)
FN:144,getAnonHashSync
FN:161,isOwnMessage
FN:175,parseStickerUrl
FN:195,getSenderDisplayInfo
FN:226,MessageAvatar
FN:230,(anonymous_15)
FN:231,(anonymous_16)
FN:277,SenderLabel
FN:288,ImageGrid
FN:291,(anonymous_19)
FN:292,(anonymous_20)
FN:294,(anonymous_21)
FN:298,(anonymous_22)
FN:345,(anonymous_23)
FN:355,(anonymous_24)
FN:364,(anonymous_25)
FN:376,(anonymous_26)
FN:394,AttachmentRenderer
FN:397,(anonymous_28)
FN:398,(anonymous_29)
FN:403,(anonymous_30)
FN:443,MessageContent
FN:445,(anonymous_32)
FN:489,MessageCheckmarks
FN:490,(anonymous_34)
FN:505,(anonymous_35)
FN:518,MessageActions
FN:572,(anonymous_37)
FN:639,MessageBubble2
FN:643,(anonymous_39)
FN:643,(anonymous_40)
FN:646,(anonymous_41)
FN:648,(anonymous_42)
FN:648,(anonymous_43)
FN:656,(anonymous_44)
FN:657,(anonymous_45)
FN:658,(anonymous_46)
FN:660,(anonymous_47)
FN:661,(anonymous_48)
FN:662,(anonymous_49)
FN:663,(anonymous_50)
FN:664,(anonymous_51)
FN:665,(anonymous_52)
FN:666,(anonymous_53)
FN:667,(anonymous_54)
FN:668,(anonymous_55)
FN:670,(anonymous_56)
FN:671,(anonymous_57)
FN:681,(anonymous_58)
FN:698,(anonymous_59)
FN:701,(anonymous_60)
FN:705,(anonymous_61)
FN:706,(anonymous_62)
FN:709,(anonymous_63)
FN:715,(anonymous_64)
FN:719,(anonymous_65)
FN:725,(anonymous_66)
FN:730,(anonymous_67)
FN:736,(anonymous_68)
FN:741,(anonymous_69)
FN:744,(anonymous_70)
FN:747,(anonymous_71)
FN:750,(anonymous_72)
FN:754,(anonymous_73)
FN:777,(anonymous_74)
FN:780,(anonymous_75)
FN:784,(anonymous_76)
FN:799,(anonymous_77)
FN:803,(anonymous_78)
FN:810,(anonymous_79)
FN:836,(anonymous_80)
FN:844,(anonymous_81)
FN:852,(anonymous_82)
FN:875,(anonymous_83)
FN:892,(anonymous_84)
FN:903,(anonymous_85)
FN:906,(anonymous_86)
FN:987,(anonymous_87)
FN:994,(anonymous_88)
FN:1012,(anonymous_89)
FN:1046,(anonymous_90)
FN:1048,(anonymous_91)
FN:1060,(anonymous_92)
FN:1080,(anonymous_93)
FN:1083,(anonymous_94)
FN:1084,(anonymous_95)
FN:1086,(anonymous_96)
FN:1107,(anonymous_97)
FN:1121,(anonymous_98)
FN:1130,(anonymous_99)
FN:1133,(anonymous_100)
FNF:101
FNH:50
FNDA:0,(anonymous_0)
FNDA:0,(anonymous_1)
FNDA:0,(anonymous_2)
FNDA:26,formatTimestamp
FNDA:5,normalizeUrlForCompare
FNDA:4,stripAttachmentMarkdown
FNDA:0,(anonymous_6)
FNDA:0,computeAnonHash
FNDA:0,(anonymous_8)
FNDA:0,(anonymous_9)
FNDA:0,getAnonHashSync
FNDA:32,isOwnMessage
FNDA:32,parseStickerUrl
FNDA:26,getSenderDisplayInfo
FNDA:26,MessageAvatar
FNDA:26,(anonymous_15)
FNDA:0,(anonymous_16)
FNDA:25,SenderLabel
FNDA:2,ImageGrid
FNDA:3,(anonymous_19)
FNDA:3,(anonymous_20)
FNDA:3,(anonymous_21)
FNDA:4,(anonymous_22)
FNDA:2,(anonymous_23)
FNDA:0,(anonymous_24)
FNDA:0,(anonymous_25)
FNDA:0,(anonymous_26)
FNDA:25,AttachmentRenderer
FNDA:5,(anonymous_28)
FNDA:5,(anonymous_29)
FNDA:2,(anonymous_30)
FNDA:25,MessageContent
FNDA:5,(anonymous_32)
FNDA:5,MessageCheckmarks
FNDA:5,(anonymous_34)
FNDA:0,(anonymous_35)
FNDA:21,MessageActions
FNDA:0,(anonymous_37)
FNDA:26,MessageBubble2
FNDA:26,(anonymous_39)
FNDA:0,(anonymous_40)
FNDA:26,(anonymous_41)
FNDA:0,(anonymous_42)
FNDA:0,(anonymous_43)
FNDA:26,(anonymous_44)
FNDA:26,(anonymous_45)
FNDA:26,(anonymous_46)
FNDA:0,(anonymous_47)
FNDA:26,(anonymous_48)
FNDA:26,(anonymous_49)
FNDA:26,(anonymous_50)
FNDA:26,(anonymous_51)
[...]
DA:1463,0
DA:1470,0
DA:1471,0
DA:1472,0
DA:1493,0
DA:1503,0
DA:1512,0
DA:1513,0
DA:1514,0
DA:1517,0
DA:1518,0
DA:1529,0
DA:1530,0
DA:1531,0
DA:1532,0
DA:1533,0
DA:1536,0
DA:1537,0
DA:1538,0
DA:1540,0
DA:1542,0
DA:1549,0
DA:1558,0
DA:1559,0
DA:1560,0
DA:1563,0
DA:1564,0
DA:1567,0
DA:1568,0
DA:1569,0
DA:1572,0
DA:1573,0
DA:1574,0
DA:1577,0
DA:1578,0
DA:1579,0
DA:1582,0
DA:1583,0
DA:1585,0
DA:1586,0
DA:1589,0
DA:1590,0
DA:1591,0
DA:1592,0
DA:1593,0
DA:1594,0
DA:1595,0
DA:1596,0
DA:1608,0
DA:1612,0
DA:1613,0
DA:1614,0
DA:1615,0
DA:1622,0
DA:1626,0
DA:1630,0
DA:1631,0
DA:1634,0
DA:1640,0
DA:1641,0
DA:1642,0
DA:1643,0
DA:1648,0
DA:1649,0
DA:1650,0
DA:1651,0
DA:1656,0
DA:1657,0
DA:1658,0
DA:1659,0
DA:1668,0
DA:1679,13
DA:1680,13
DA:1684,13
DA:1685,13
DA:1686,13
DA:1687,13
DA:1688,13
DA:1692,13
DA:1693,0
DA:1694,0
DA:1695,0
DA:1697,0
DA:1720,0
DA:1721,0
DA:1722,0
DA:1723,0
DA:1725,0
DA:1726,0
DA:1727,0
DA:1731,0
DA:1735,0
DA:1736,0
DA:1737,0
DA:1743,0
DA:1748,0
DA:1757,0
DA:1758,0
DA:1759,0
DA:1763,0
DA:1780,0
DA:1781,0
DA:1782,0
DA:1783,0
DA:1784,0
DA:1785,0
DA:1786,0
DA:1790,0
DA:1796,0
DA:1797,0
DA:1817,0
DA:1818,0
DA:1819,0
DA:1821,0
DA:1824,0
DA:1826,0
DA:1827,0
DA:1830,0
DA:1832,0
DA:1833,0
DA:1837,0
DA:1841,0
DA:1843,0
DA:1844,0
DA:1850,0
DA:1854,0
DA:1860,0
DA:1866,0
DA:1883,0
DA:1888,0
DA:1892,0
DA:1893,0
DA:1900,0
DA:1901,0
DA:1904,0
DA:1913,0
DA:1914,0
DA:1915,0
DA:1916,0
DA:1921,0
DA:1922,0
DA:1923,0
DA:1927,0
DA:1928,0
DA:1929,0
DA:1932,13
DA:1933,0
DA:1934,0
DA:1935,0
DA:1936,0
DA:1937,0
DA:1938,0
DA:1944,0
DA:1945,0
DA:1946,0
DA:1949,0
DA:1953,0
DA:1956,13
DA:1957,0
DA:1958,0
DA:1959,0
DA:1967,0
DA:1969,0
DA:1970,0
DA:1979,0
DA:1980,0
DA:1981,0
DA:1982,0
DA:1983,0
DA:1990,0
DA:1993,13
DA:1994,0
DA:1996,0
DA:1997,0
DA:1998,0
DA:1999,0
DA:2000,0
DA:2008,0
DA:2009,0
DA:2012,0
DA:2015,0
DA:2018,13
DA:2019,3
DA:2021,3
DA:2030,3
DA:2031,3
DA:2032,1
DA:2034,3
DA:2035,1
DA:2038,3
DA:2044,0
DA:2066,3
DA:2067,0
DA:2068,0
DA:2069,0
DA:2070,0
DA:2071,0
DA:2079,3
DA:2082,10
DA:2083,0
DA:2086,0
DA:2087,0
DA:2089,0
DA:2090,0
DA:2092,0
DA:2094,0
DA:2098,0
DA:2110,0
DA:2120,0
DA:2131,0
DA:2134,10
DA:2135,3
DA:2136,3
DA:2137,3
DA:2140,3
DA:2141,3
DA:2143,3
DA:2145,1
DA:2159,1
DA:2160,0
DA:2161,0
DA:2168,0
DA:2172,0
DA:2173,0
DA:2177,0
DA:2184,1
DA:2185,1
DA:2192,1
DA:2195,0
DA:2203,2
DA:2204,0
DA:2205,0
DA:2209,0
DA:2214,2
DA:2215,2
DA:2219,3
DA:2223,0
DA:2230,3
DA:2233,7
DA:2234,5
DA:2235,5
DA:2236,5
DA:2237,5
DA:2240,5
DA:2241,5
DA:2244,5
DA:2245,5
DA:2247,5
DA:2248,2
DA:2249,1
DA:2263,1
DA:2264,0
DA:2265,0
DA:2272,0
DA:2276,0
DA:2277,0
DA:2281,0
DA:2287,0
DA:2288,0
DA:2289,0
DA:2290,0
DA:2291,0
DA:2293,0
DA:2294,0
DA:2295,0
DA:2300,1
DA:2301,1
DA:2308,1
DA:2311,0
DA:2326,1
DA:2327,0
DA:2330,1
DA:2333,1
DA:2337,2
DA:2341,3
DA:2342,0
DA:2343,0
DA:2345,0
DA:2348,0
DA:2349,0
DA:2362,0
DA:2371,0
DA:2373,0
DA:2377,0
DA:2390,0
DA:2391,0
DA:2392,0
DA:2396,0
DA:2402,0
DA:2403,0
DA:2404,0
DA:2408,3
DA:2409,3
DA:2411,3
DA:2414,0
DA:2415,0
DA:2427,0
DA:2433,0
DA:2453,3
DA:2456,3
DA:2460,3
DA:2471,0
DA:2497,3
DA:2498,1
DA:2506,3
DA:2507,3
DA:2508,0
DA:2511,0
DA:2517,3
DA:2518,3
DA:2519,3
DA:2520,3
DA:2521,0
DA:2531,3
DA:2532,3
DA:2533,3
DA:2536,2
DA:2537,2
DA:2538,2
DA:2541,2
DA:2542,0
DA:2543,0
DA:2547,2
DA:2548,2
DA:2549,2
DA:2550,1
DA:2563,1
DA:2564,0
DA:2565,0
DA:2572,0
DA:2576,1
DA:2577,1
DA:2584,1
DA:2588,1
DA:2592,1
DA:2593,0
DA:2594,0
DA:2598,0
DA:2605,1
DA:2606,1
DA:2610,1
DA:2619,1
DA:2620,1
DA:2621,1
DA:2622,1
DA:2623,0
DA:2631,1
DA:2634,0
DA:2635,0
DA:2636,0
DA:2637,0
DA:2638,0
DA:2639,0
DA:2643,0
DA:2644,0
DA:2645,0
DA:2648,0
DA:2649,0
DA:2650,0
DA:2651,0
DA:2652,0
DA:2653,0
DA:2654,0
DA:2655,0
DA:2657,0
DA:2659,0
DA:2660,0
DA:2662,0
DA:2665,0
DA:2666,0
DA:2667,0
DA:2668,0
DA:2669,0
DA:2672,0
DA:2676,0
DA:2679,0
DA:2680,0
DA:2681,0
DA:2682,0
DA:2683,0
DA:2684,0
DA:2691,0
DA:2694,0
DA:2695,0
DA:2696,0
DA:2697,0
DA:2698,0
DA:2702,0
DA:2708,0
DA:2709,0
DA:2710,0
DA:2711,0
DA:2715,0
DA:2719,0
DA:2722,0
DA:2725,0
DA:2726,0
DA:2727,0
DA:2728,0
DA:2729,0
DA:2733,0
DA:2736,0
DA:2737,0
DA:2738,0
DA:2739,0
DA:2740,0
DA:2742,0
DA:2745,0
DA:2746,0
DA:2747,0
DA:2748,0
DA:2749,0
DA:2751,0
DA:2754,0
DA:2755,0
DA:2756,0
DA:2757,0
DA:2758,0
DA:2759,0
DA:2760,0
DA:2761,0
DA:2762,0
DA:2768,0
DA:2771,0
DA:2772,0
DA:2775,0
DA:2776,0
DA:2777,0
DA:2778,0
DA:2779,0
DA:2781,0
DA:2783,0
DA:2784,0
DA:2786,0
DA:2791,0
DA:2792,0
DA:2794,0
DA:2795,0
DA:2796,0
DA:2797,0
DA:2811,0
DA:2815,0
DA:2816,0
DA:2817,0
DA:2818,0
DA:2819,0
DA:2822,0
DA:2823,0
DA:2824,0
DA:2826,0
DA:2827,0
DA:2829,0
DA:2831,0
DA:2832,0
DA:2835,0
DA:2843,0
DA:2858,0
DA:2862,0
DA:2863,0
DA:2870,0
DA:2871,0
DA:2877,0
DA:2887,0
DA:2888,0
DA:2889,0
DA:2890,0
DA:2891,0
DA:2892,0
DA:2896,0
DA:2897,0
DA:2898,0
DA:2899,0
DA:2900,0
DA:2901,0
DA:2902,0
DA:2906,0
DA:2907,0
DA:2917,0
DA:2922,0
DA:2923,0
DA:2924,0
DA:2925,0
DA:2928,0
DA:2929,0
DA:2930,0
DA:2931,0
LF:849
LH:152
BRDA:316,0,0,1
BRDA:316,0,1,0
BRDA:317,1,0,1
BRDA:317,1,1,1
BRDA:321,2,0,1
BRDA:321,2,1,0
BRDA:365,3,0,0
BRDA:365,3,1,0
BRDA:370,4,0,0
BRDA:370,4,1,0
BRDA:375,5,0,0
BRDA:375,5,1,0
BRDA:395,6,0,1
BRDA:395,6,1,1
BRDA:396,7,0,0
BRDA:396,7,1,1
BRDA:401,8,0,0
BRDA:401,8,1,1
BRDA:401,9,0,1
BRDA:401,9,1,0
BRDA:405,10,0,1
BRDA:405,10,1,0
BRDA:406,11,0,1
BRDA:406,11,1,1
BRDA:421,12,0,1
BRDA:421,12,1,1
BRDA:432,13,0,0
BRDA:432,13,1,1
BRDA:432,14,0,1
BRDA:432,14,1,0
BRDA:446,15,0,0
BRDA:446,15,1,1
BRDA:446,16,0,1
BRDA:446,16,1,0
BRDA:447,17,0,0
BRDA:447,17,1,0
BRDA:451,18,0,0
BRDA:451,18,1,0
BRDA:464,19,0,0
BRDA:464,19,1,0
BRDA:470,20,0,0
BRDA:470,20,1,0
BRDA:475,21,0,0
BRDA:475,21,1,0
BRDA:496,22,0,0
BRDA:496,22,1,0
BRDA:496,23,0,0
BRDA:496,23,1,0
BRDA:496,23,2,0
BRDA:542,24,0,0
BRDA:542,24,1,0
BRDA:542,25,0,0
BRDA:542,25,1,0
BRDA:551,26,0,0
BRDA:551,26,1,0
BRDA:552,27,0,0
BRDA:552,27,1,0
BRDA:556,28,0,0
BRDA:556,28,1,0
BRDA:557,29,0,0
BRDA:557,29,1,0
BRDA:558,30,0,0
BRDA:558,30,1,0
BRDA:588,31,0,0
BRDA:588,31,1,0
BRDA:588,32,0,0
BRDA:588,32,1,0
BRDA:588,32,2,0
BRDA:590,33,0,0
BRDA:590,33,1,0
BRDA:593,34,0,0
BRDA:593,34,1,0
BRDA:621,35,0,0
BRDA:621,35,1,0
BRDA:653,36,0,0
BRDA:653,36,1,0
BRDA:665,37,0,0
BRDA:665,37,1,13
BRDA:674,38,0,1
BRDA:674,38,1,0
BRDA:678,39,0,1
BRDA:678,39,1,0
BRDA:680,40,0,0
BRDA:680,40,1,1
BRDA:680,41,0,1
BRDA:680,41,1,0
BRDA:680,41,2,0
BRDA:689,42,0,0
BRDA:689,42,1,0
BRDA:702,43,0,0
BRDA:702,43,1,1
BRDA:702,44,0,1
BRDA:702,44,1,1
BRDA:702,44,2,1
BRDA:704,45,0,0
BRDA:704,45,1,0
BRDA:704,46,0,0
BRDA:704,46,1,0
BRDA:713,47,0,1
BRDA:713,47,1,0
BRDA:720,48,0,0
BRDA:720,48,1,1
BRDA:720,49,0,1
BRDA:720,49,1,0
BRDA:721,50,0,0
BRDA:721,50,1,0
BRDA:724,51,0,0
BRDA:724,51,1,0
BRDA:725,52,0,0
BRDA:725,52,1,0
BRDA:725,53,0,0
BRDA:725,53,1,0
BRDA:733,54,0,1
BRDA:733,54,1,0
BRDA:735,55,0,0
BRDA:735,55,1,0
BRDA:738,56,0,0
BRDA:738,56,1,1
BRDA:749,57,0,0
BRDA:749,57,1,0
BRDA:759,58,0,1
BRDA:759,58,1,0
BRDA:767,59,0,1
BRDA:767,59,1,1
BRDA:778,60,0,1
BRDA:778,60,1,1
BRDA:780,61,0,0
BRDA:780,61,1,1
BRDA:784,62,0,0
BRDA:784,62,1,0
BRDA:796,63,0,1
BRDA:796,63,1,1
BRDA:804,64,0,0
BRDA:804,64,1,0
BRDA:817,65,0,0
BRDA:817,65,1,1
BRDA:818,66,0,0
BRDA:818,66,1,1
BRDA:818,67,0,1
BRDA:818,67,1,0
BRDA:819,68,0,0
BRDA:819,68,1,1
BRDA:825,69,0,0
BRDA:825,69,1,0
BRDA:826,70,0,0
BRDA:826,70,1,0
BRDA:827,71,0,0
BRDA:827,71,1,0
BRDA:828,72,0,0
BRDA:828,72,1,0
BRDA:830,73,0,0
BRDA:830,73,1,0
BRDA:840,74,0,0
BRDA:840,74,1,0
BRDA:855,75,0,0
BRDA:855,75,1,0
BRDA:863,76,0,0
BRDA:863,76,1,0
BRDA:864,77,0,0
BRDA:864,77,1,0
BRDA:865,78,0,0
BRDA:865,78,1,0
BRDA:870,79,0,0
BRDA:870,79,1,0
BRDA:885,80,0,0
BRDA:885,80,1,0
BRDA:896,81,0,0
BRDA:896,81,1,0
BRDA:900,82,0,0
BRDA:900,82,1,0
BRDA:949,83,0,0
BRDA:949,83,1,0
BRDA:1006,84,0,0
BRDA:1006,84,1,0
BRDA:1006,84,2,0
BRDA:1060,85,0,0
BRDA:1060,85,1,0
BRDA:1104,86,0,2
BRDA:1104,86,1,1
BRDA:1120,87,0,0
BRDA:1120,87,1,0
BRDA:1128,88,0,0
BRDA:1128,88,1,0
BRDA:1138,89,0,0
BRDA:1138,89,1,0
BRDA:1177,90,0,0
BRDA:1177,90,1,0
BRDA:1191,91,0,0
BRDA:1191,91,1,0
BRDA:1224,92,0,0
BRDA:1224,92,1,0
BRDA:1229,93,0,0
BRDA:1229,93,1,0
BRDA:1231,94,0,0
BRDA:1231,94,1,0
BRDA:1235,95,0,0
BRDA:1235,95,1,0
BRDA:1238,96,0,0
BRDA:1238,96,1,0
BRDA:1240,97,0,0
BRDA:1240,97,1,0
BRDA:1240,98,0,0
BRDA:1240,98,1,0
BRDA:1240,98,2,0
BRDA:1241,99,0,0
BRDA:1241,99,1,0
BRDA:1243,100,0,0
BRDA:1243,100,1,0
BRDA:1245,101,0,0
BRDA:1245,101,1,0
BRDA:1252,102,0,0
BRDA:1252,102,1,0
BRDA:1262,103,0,0
BRDA:1262,103,1,0
BRDA:1268,104,0,0
BRDA:1268,104,1,0
BRDA:1280,105,0,0
BRDA:1280,105,1,0
BRDA:1287,106,0,0
BRDA:1287,106,1,0
BRDA:1290,107,0,0
BRDA:1290,107,1,0
BRDA:1292,108,0,0
BRDA:1292,108,1,0
BRDA:1311,109,0,0
BRDA:1311,109,1,0
BRDA:1374,110,0,0
BRDA:1374,110,1,0
BRDA:1376,111,0,0
BRDA:1376,111,1,0
BRDA:1383,112,0,0
BRDA:1383,112,1,0
BRDA:1408,113,0,0
BRDA:1408,113,1,0
BRDA:1408,114,0,0
BRDA:1408,114,1,0
BRDA:1420,115,0,0
BRDA:1420,115,1,0
BRDA:1425,116,0,0
BRDA:1425,116,1,0
BRDA:1434,117,0,0
BRDA:1434,117,1,0
BRDA:1439,118,0,0
BRDA:1439,118,1,0
BRDA:1443,119,0,0
BRDA:1443,119,1,0
BRDA:1445,120,0,0
BRDA:1445,120,1,0
BRDA:1456,121,0,0
BRDA:1456,121,1,0
BRDA:1458,122,0,0
BRDA:1458,122,1,0
BRDA:1463,123,0,0
BRDA:1463,123,1,0
BRDA:1471,124,0,0
BRDA:1471,124,1,0
BRDA:1478,125,0,0
BRDA:1478,125,1,0
BRDA:1530,126,0,0
BRDA:1530,126,1,0
BRDA:1534,127,0,0
BRDA:1534,127,1,0
BRDA:1537,128,0,0
BRDA:1537,128,1,0
BRDA:1559,129,0,0
BRDA:1559,129,1,0
BRDA:1568,130,0,0
BRDA:1568,130,1,0
BRDA:1573,131,0,0
BRDA:1573,131,1,0
BRDA:1578,132,0,0
BRDA:1578,132,1,0
BRDA:1591,133,0,0
BRDA:1591,133,1,0
BRDA:1592,134,0,0
BRDA:1592,134,1,0
BRDA:1594,135,0,0
BRDA:1594,135,1,0
BRDA:1610,136,0,0
BRDA:1610,136,1,0
BRDA:1613,137,0,0
BRDA:1613,137,1,0
BRDA:1614,138,0,0
BRDA:1614,138,1,0
BRDA:1630,139,0,0
BRDA:1630,139,1,0
BRDA:1634,140,0,0
BRDA:1634,140,1,0
BRDA:1641,141,0,0
BRDA:1641,141,1,0
BRDA:1649,142,0,0
BRDA:1649,142,1,0
BRDA:1657,143,0,0
BRDA:1657,143,1,0
BRDA:1680,144,0,0
BRDA:1680,144,1,13
BRDA:1684,145,0,13
BRDA:1684,145,1,0
BRDA:1684,146,0,13
BRDA:1684,146,1,13
BRDA:1687,147,0,13
BRDA:1687,147,1,0
BRDA:1692,148,0,0
BRDA:1692,148,1,13
BRDA:1694,149,0,0
BRDA:1694,149,1,0
BRDA:1702,150,0,0
BRDA:1702,150,1,0
BRDA:1710,151,0,0
BRDA:1710,151,1,0
BRDA:1711,152,0,0
BRDA:1711,152,1,0
BRDA:1712,153,0,0
BRDA:1712,153,1,0
BRDA:1720,154,0,0
BRDA:1720,154,1,0
BRDA:1721,155,0,0
BRDA:1721,155,1,0
BRDA:1723,156,0,0
BRDA:1723,156,1,0
BRDA:1723,156,2,0
BRDA:1723,156,3,0
BRDA:1725,157,0,0
BRDA:1725,157,1,0
BRDA:1731,158,0,0
BRDA:1731,158,1,0
BRDA:1731,159,0,0
BRDA:1731,159,1,0
BRDA:1731,159,2,0
BRDA:1731,159,3,0
BRDA:1731,159,4,0
BRDA:1736,160,0,0
BRDA:1736,160,1,0
BRDA:1736,161,0,0
BRDA:1736,161,1,0
BRDA:1739,162,0,0
BRDA:1739,162,1,0
BRDA:1739,162,2,0
BRDA:1739,162,3,0
BRDA:1740,163,0,0
BRDA:1740,163,1,0
BRDA:1740,164,0,0
BRDA:1740,164,1,0
BRDA:1757,165,0,0
BRDA:1757,165,1,0
BRDA:1758,166,0,0
BRDA:1758,166,1,0
BRDA:1763,167,0,0
BRDA:1763,167,1,0
BRDA:1767,168,0,0
BRDA:1767,168,1,0
BRDA:1769,169,0,0
BRDA:1769,169,1,0
BRDA:1780,170,0,0
BRDA:1780,170,1,0
BRDA:1780,171,0,0
BRDA:1780,171,1,0
BRDA:1782,172,0,0
BRDA:1782,172,1,0
BRDA:1785,173,0,0
BRDA:1785,173,1,0
BRDA:1790,174,0,0
BRDA:1790,174,1,0
BRDA:1796,175,0,0
BRDA:1796,175,1,0
BRDA:1803,176,0,0
BRDA:1803,176,1,0
BRDA:1817,177,0,0
BRDA:1817,177,1,0
BRDA:1817,178,0,0
BRDA:1817,178,1,0
BRDA:1824,179,0,0
BRDA:1824,179,1,0
BRDA:1827,180,0,0
BRDA:1827,180,1,0
BRDA:1827,180,2,0
BRDA:1827,180,3,0
BRDA:1830,181,0,0
BRDA:1830,181,1,0
BRDA:1837,182,0,0
BRDA:1837,182,1,0
BRDA:1837,183,0,0
BRDA:1837,183,1,0
BRDA:1837,183,2,0
BRDA:1837,183,3,0
BRDA:1837,183,4,0
BRDA:1843,184,0,0
BRDA:1843,184,1,0
BRDA:1843,185,0,0
BRDA:1843,185,1,0
BRDA:1846,186,0,0
BRDA:1846,186,1,0
BRDA:1846,186,2,0
BRDA:1846,186,3,0
BRDA:1847,187,0,0
BRDA:1847,187,1,0
BRDA:1847,188,0,0
BRDA:1847,188,1,0
BRDA:1854,189,0,0
BRDA:1854,189,1,0
BRDA:1866,190,0,0
BRDA:1866,190,1,0
BRDA:1871,191,0,0
BRDA:1871,191,1,0
BRDA:1871,192,0,0
BRDA:1871,192,1,0
BRDA:1876,193,0,0
BRDA:1876,193,1,0
BRDA:1883,194,0,0
BRDA:1883,194,1,0
BRDA:1884,195,0,0
BRDA:1884,195,1,0
BRDA:1884,195,2,0
BRDA:1892,196,0,0
BRDA:1892,196,1,0
BRDA:1893,197,0,0
BRDA:1893,197,1,0
BRDA:1894,198,0,0
BRDA:1894,198,1,0
BRDA:1894,198,2,0
BRDA:1894,198,3,0
BRDA:1894,198,4,0
BRDA:1900,199,0,0
BRDA:1900,199,1,0
BRDA:1900,199,2,0
BRDA:1901,200,0,0
BRDA:1901,200,1,0
BRDA:1902,201,0,0
BRDA:1902,201,1,0
BRDA:1913,202,0,0
BRDA:1913,202,1,0
BRDA:1915,203,0,0
BRDA:1915,203,1,0
BRDA:1921,204,0,0
BRDA:1921,204,1,0
BRDA:1921,205,0,0
BRDA:1921,205,1,0
BRDA:1928,206,0,0
BRDA:1928,206,1,0
BRDA:1932,207,0,0
BRDA:1932,207,1,13
BRDA:1936,208,0,0
BRDA:1936,208,1,0
BRDA:1937,209,0,0
BRDA:1937,209,1,0
BRDA:1945,210,0,0
BRDA:1945,210,1,0
BRDA:1956,211,0,0
BRDA:1956,211,1,13
BRDA:1958,212,0,0
BRDA:1958,212,1,0
BRDA:1961,213,0,0
BRDA:1961,213,1,0
BRDA:1962,214,0,0
BRDA:1962,214,1,0
BRDA:1967,215,0,0
BRDA:1967,215,1,0
BRDA:1969,216,0,0
BRDA:1969,216,1,0
BRDA:1969,217,0,0
BRDA:1969,217,1,0
BRDA:1979,218,0,0
BRDA:1979,218,1,0
BRDA:1980,219,0,0
BRDA:1980,219,1,0
BRDA:1993,220,0,0
BRDA:1993,220,1,13
BRDA:1997,221,0,0
BRDA:1997,221,1,0
BRDA:2008,222,0,0
BRDA:2008,222,1,0
BRDA:2012,223,0,0
BRDA:2012,223,1,0
BRDA:2018,224,0,3
BRDA:2018,224,1,10
BRDA:2023,225,0,3
BRDA:2023,225,1,0
BRDA:2024,226,0,3
BRDA:2024,226,1,0
BRDA:2030,227,0,3
BRDA:2030,227,1,2
BRDA:2032,228,0,1
BRDA:2032,228,1,0
BRDA:2032,229,0,0
BRDA:2032,229,1,0
BRDA:2035,230,0,1
BRDA:2035,230,1,0
BRDA:2035,231,0,0
BRDA:2035,231,1,0
BRDA:2044,232,0,0
BRDA:2044,232,1,0
BRDA:2050,233,0,0
BRDA:2050,233,1,0
BRDA:2054,234,0,0
BRDA:2054,234,1,0
BRDA:2055,235,0,0
BRDA:2055,235,1,0
BRDA:2066,236,0,0
BRDA:2066,236,1,3
BRDA:2068,237,0,0
BRDA:2068,237,1,0
BRDA:2082,238,0,0
BRDA:2082,238,1,10
BRDA:2086,239,0,0
BRDA:2086,239,1,0
BRDA:2089,240,0,0
BRDA:2089,240,1,0
BRDA:2092,241,0,0
BRDA:2092,241,1,0
BRDA:2098,242,0,0
BRDA:2098,242,1,0
BRDA:2134,243,0,3
BRDA:2134,243,1,7
BRDA:2140,244,0,3
BRDA:2140,244,1,2
BRDA:2143,245,0,1
BRDA:2143,245,1,2
BRDA:2152,246,0,1
BRDA:2152,246,1,0
BRDA:2154,247,0,1
BRDA:2154,247,1,1
BRDA:2159,248,0,0
BRDA:2159,248,1,1
BRDA:2160,249,0,0
BRDA:2160,249,1,0
BRDA:2172,250,0,0
BRDA:2172,250,1,0
BRDA:2177,251,0,0
BRDA:2177,251,1,0
BRDA:2177,252,0,0
BRDA:2177,252,1,0
BRDA:2184,253,0,1
BRDA:2184,253,1,1
BRDA:2195,254,0,0
BRDA:2195,254,1,0
BRDA:2203,255,0,0
BRDA:2203,255,1,2
BRDA:2204,256,0,0
BRDA:2204,256,1,0
BRDA:2209,257,0,0
BRDA:2209,257,1,0
BRDA:2214,258,0,2
BRDA:2214,258,1,0
BRDA:2219,259,0,2
BRDA:2219,259,1,1
BRDA:2223,260,0,0
BRDA:2223,260,1,0
BRDA:2223,261,0,0
BRDA:2223,261,1,0
BRDA:2233,262,0,5
BRDA:2233,262,1,2
BRDA:2244,263,0,5
BRDA:2244,263,1,3
BRDA:2247,264,0,2
BRDA:2247,264,1,3
BRDA:2248,265,0,1
BRDA:2248,265,1,1
BRDA:2256,266,0,1
BRDA:2256,266,1,0
BRDA:2258,267,0,1
BRDA:2258,267,1,1
BRDA:2263,268,0,0
BRDA:2263,268,1,1
BRDA:2264,269,0,0
BRDA:2264,269,1,0
BRDA:2276,270,0,0
BRDA:2276,270,1,0
BRDA:2281,271,0,0
BRDA:2281,271,1,0
BRDA:2282,272,0,0
BRDA:2282,272,1,0
BRDA:2282,273,0,0
BRDA:2282,273,1,0
BRDA:2282,274,0,0
BRDA:2282,274,1,0
BRDA:2288,275,0,0
BRDA:2288,275,1,0
BRDA:2290,276,0,0
BRDA:2290,276,1,0
BRDA:2291,277,0,0
BRDA:2291,277,1,0
BRDA:2291,278,0,0
BRDA:2291,278,1,0
BRDA:2294,279,0,0
BRDA:2294,279,1,0
BRDA:2295,280,0,0
BRDA:2295,280,1,0
BRDA:2295,281,0,0
BRDA:2295,281,1,0
BRDA:2300,282,0,1
BRDA:2300,282,1,1
BRDA:2311,283,0,0
BRDA:2311,283,1,0
BRDA:2316,284,0,1
BRDA:2316,284,1,0
BRDA:2316,285,0,1
BRDA:2316,285,1,1
BRDA:2321,286,0,1
BRDA:2321,286,1,1
BRDA:2326,287,0,0
BRDA:2326,287,1,1
BRDA:2326,288,0,1
BRDA:2326,288,1,0
BRDA:2341,289,0,0
BRDA:2341,289,1,3
BRDA:2342,290,0,0
BRDA:2342,290,1,0
BRDA:2345,291,0,0
BRDA:2345,291,1,0
BRDA:2348,292,0,0
BRDA:2348,292,1,0
BRDA:2352,293,0,0
BRDA:2352,293,1,0
BRDA:2356,294,0,0
BRDA:2356,294,1,0
BRDA:2357,295,0,0
BRDA:2357,295,1,0
BRDA:2371,296,0,0
BRDA:2371,296,1,0
BRDA:2377,297,0,0
BRDA:2377,297,1,0
BRDA:2380,298,0,0
BRDA:2380,298,1,0
BRDA:2381,299,0,0
BRDA:2381,299,1,0
BRDA:2390,300,0,0
BRDA:2390,300,1,0
BRDA:2391,301,0,0
BRDA:2391,301,1,0
BRDA:2396,302,0,0
BRDA:2396,302,1,0
BRDA:2396,303,0,0
BRDA:2396,303,1,0
BRDA:2403,304,0,0
BRDA:2403,304,1,0
BRDA:2404,305,0,0
BRDA:2404,305,1,0
BRDA:2408,306,0,3
BRDA:2408,306,1,0
BRDA:2411,307,0,0
BRDA:2411,307,1,3
BRDA:2414,308,0,0
BRDA:2414,308,1,0
BRDA:2418,309,0,0
BRDA:2418,309,1,0
BRDA:2422,310,0,0
BRDA:2422,310,1,0
BRDA:2423,311,0,0
BRDA:2423,311,1,0
BRDA:2433,312,0,0
BRDA:2433,312,1,0
BRDA:2438,313,0,0
BRDA:2438,313,1,0
BRDA:2438,314,0,0
BRDA:2438,314,1,0
BRDA:2443,315,0,0
BRDA:2443,315,1,0
BRDA:2453,316,0,3
BRDA:2453,316,1,0
BRDA:2460,317,0,3
BRDA:2460,317,1,0
BRDA:2463,318,0,0
BRDA:2463,318,1,3
BRDA:2464,319,0,0
BRDA:2464,319,1,3
BRDA:2471,320,0,0
BRDA:2471,320,1,0
BRDA:2476,321,0,0
BRDA:2476,321,1,0
BRDA:2485,322,0,2
BRDA:2485,322,1,1
BRDA:2485,323,0,3
BRDA:2485,323,1,2
BRDA:2490,324,0,2
BRDA:2490,324,1,1
BRDA:2497,325,0,1
BRDA:2497,325,1,2
BRDA:2497,326,0,3
BRDA:2497,326,1,1
BRDA:2506,327,0,3
BRDA:2506,327,1,3
BRDA:2507,328,0,0
BRDA:2507,328,1,3
BRDA:2517,329,0,3
BRDA:2517,329,1,3
BRDA:2518,330,0,3
BRDA:2518,330,1,0
BRDA:2520,331,0,0
BRDA:2520,331,1,3
BRDA:2520,332,0,3
BRDA:2520,332,1,0
BRDA:2532,333,0,3
BRDA:2532,333,1,0
BRDA:2536,334,0,2
BRDA:2536,334,1,0
BRDA:2541,335,0,0
BRDA:2541,335,1,2
BRDA:2542,336,0,0
BRDA:2542,336,1,0
BRDA:2547,337,0,2
BRDA:2547,337,1,1
BRDA:2549,338,0,1
BRDA:2549,338,1,1
BRDA:2557,339,0,1
BRDA:2557,339,1,0
BRDA:2559,340,0,1
BRDA:2559,340,1,1
BRDA:2563,341,0,0
BRDA:2563,341,1,1
BRDA:2564,342,0,0
BRDA:2564,342,1,0
BRDA:2576,343,0,1
BRDA:2576,343,1,1
BRDA:2592,344,0,0
BRDA:2592,344,1,1
BRDA:2593,345,0,0
BRDA:2593,345,1,0
BRDA:2598,346,0,0
BRDA:2598,346,1,0
BRDA:2605,347,0,1
BRDA:2605,347,1,0
BRDA:2610,348,0,1
BRDA:2610,348,1,0
BRDA:2619,349,0,1
BRDA:2619,349,1,1
BRDA:2620,350,0,1
BRDA:2620,350,1,0
BRDA:2622,351,0,0
BRDA:2622,351,1,1
BRDA:2622,352,0,1
BRDA:2622,352,1,0
BRDA:2634,353,0,0
BRDA:2634,353,1,0
BRDA:2637,354,0,0
BRDA:2637,354,1,0
BRDA:2640,355,0,0
BRDA:2640,355,1,0
BRDA:2641,356,0,0
BRDA:2641,356,1,0
BRDA:2648,357,0,0
BRDA:2648,357,1,0
BRDA:2651,358,0,0
BRDA:2651,358,1,0
BRDA:2653,359,0,0
BRDA:2653,359,1,0
BRDA:2654,360,0,0
BRDA:2654,360,1,0
BRDA:2665,361,0,0
BRDA:2665,361,1,0
BRDA:2668,362,0,0
BRDA:2668,362,1,0
BRDA:2679,363,0,0
BRDA:2679,363,1,0
BRDA:2681,364,0,0
BRDA:2681,364,1,0
BRDA:2682,365,0,0
BRDA:2682,365,1,0
BRDA:2683,366,0,0
BRDA:2683,366,1,0
BRDA:2694,367,0,0
BRDA:2694,367,1,0
BRDA:2697,368,0,0
BRDA:2697,368,1,0
BRDA:2702,369,0,0
BRDA:2702,369,1,0
BRDA:2710,370,0,0
BRDA:2710,370,1,0
BRDA:2715,371,0,0
BRDA:2715,371,1,0
BRDA:2725,372,0,0
BRDA:2725,372,1,0
BRDA:2727,373,0,0
BRDA:2727,373,1,0
BRDA:2728,374,0,0
BRDA:2728,374,1,0
BRDA:2736,375,0,0
BRDA:2736,375,1,0
BRDA:2738,376,0,0
BRDA:2738,376,1,0
BRDA:2740,377,0,0
BRDA:2740,377,1,0
BRDA:2745,378,0,0
BRDA:2745,378,1,0
BRDA:2747,379,0,0
BRDA:2747,379,1,0
BRDA:2754,380,0,0
BRDA:2754,380,1,0
BRDA:2764,381,0,0
BRDA:2764,381,1,0
BRDA:2771,382,0,0
BRDA:2771,382,1,0
BRDA:2778,383,0,0
BRDA:2778,383,1,0
BRDA:2783,384,0,0
BRDA:2783,384,1,0
BRDA:2796,385,0,0
BRDA:2796,385,1,0
BRDA:2796,386,0,0
BRDA:2796,386,1,0
BRDA:2817,387,0,0
BRDA:2817,387,1,0
BRDA:2824,388,0,0
BRDA:2824,388,1,0
BRDA:2843,389,0,0
BRDA:2843,389,1,0
BRDA:2862,390,0,0
BRDA:2862,390,1,0
BRDA:2862,391,0,0
BRDA:2862,391,1,0
BRDA:2870,392,0,0
BRDA:2870,392,1,0
BRDA:2888,393,0,0
BRDA:2888,393,1,0
BRDA:2889,394,0,0
BRDA:2889,394,1,0
BRDA:2891,395,0,0
BRDA:2891,395,1,0
BRDA:2896,396,0,0
BRDA:2896,396,1,0
BRDA:2898,397,0,0
BRDA:2898,397,1,0
BRDA:2901,398,0,0
BRDA:2901,398,1,0
BRDA:2906,399,0,0
BRDA:2906,399,1,0
BRDA:2906,400,0,0
BRDA:2906,400,1,0
BRF:827
BRH:148
end_of_record
TN:
SF:src/store/notification-store.ts
FN:18,(anonymous_0)
FN:20,(anonymous_1)
FN:29,(anonymous_2)
FNF:3
FNH:1
FNDA:1,(anonymous_0)
FNDA:0,(anonymous_1)
FNDA:0,(anonymous_2)
DA:18,1
DA:21,0
DA:29,0
LF:3
LH:1
BRF:0
BRH:0
end_of_record
TN:
SF:src/store/toast-store.ts
FN:15,(anonymous_0)
FN:18,(anonymous_1)
FN:21,(anonymous_2)
FN:24,(anonymous_3)
FN:25,(anonymous_4)
FNF:5
FNH:1
FNDA:2,(anonymous_0)
FNDA:0,(anonymous_1)
FNDA:0,(anonymous_2)
FNDA:0,(anonymous_3)
FNDA:0,(anonymous_4)
DA:15,2
DA:19,0
DA:20,0
DA:21,0
DA:25,0
LF:5
LH:1
BRDA:18,0,0,0
BRF:1
BRH:0
end_of_record
